-------------------------------------------------------------------------------
Test set: tek.capstone.dragons.runner.TestRunner
-------------------------------------------------------------------------------
Tests run: 20, Failures: 1, Errors: 0, Skipped: 0, Time elapsed: 64.571 s <<< FAILURE! - in tek.capstone.dragons.runner.TestRunner
Retail Account Page.Verify User can add a payment method  Time elapsed: 3.376 s  <<< FAILURE!
org.junit.ComparisonFailure: expected:<...ent Method added suc[]essfully> but was:<...ent Method added suc[c]essfully>
	at org.junit.Assert.assertEquals(Assert.java:117)
	at org.junit.Assert.assertEquals(Assert.java:146)
	at tek.capstone.dragons.steps.RetailAccountSteps.aMessageShouldBeDisplayedOn(RetailAccountSteps.java:84)
	at âœ½.a message should be displayed on 'Payment Method added successfully'(classpath:features/RetailAccount.feature:26)

