<?xml version="1.0" encoding="UTF-8"?>
<testsuite xmlns:xsi="http://www.w3.org/2001/XMLSchema-instance" xsi:noNamespaceSchemaLocation="https://maven.apache.org/surefire/maven-surefire-plugin/xsd/surefire-test-report-3.0.xsd" version="3.0" name="tek.capstone.dragons.runner.TestRunner" time="104.519" tests="20" errors="0" skipped="0" failures="0">
  <properties>
[...]
</properties>
  <testcase name="Verify Shop by Department sidebar" classname="Retail Home Page" time="4.537">
    <system-out><![CDATA[
@Regression
Scenario: Verify Shop by Department sidebar                    # features/Home.feature:4
 INFO [main] (HomeSteps.java:29)- Tekschool logo was displayed successfully
  Given User is on retail website                              # tek.capstone.dragons.steps.HomeSteps.userIsOnRetailWebsite()
 INFO [main] (HomeSteps.java:35)- User clicked on All section successfully
  When User click on All section                               # tek.capstone.dragons.steps.HomeSteps.userClickOnAllSection()
  Then below options are present in Shop by Department sidebar # tek.capstone.dragons.steps.HomeSteps.belowOptionsArePresentInShopByDepartmentSidebar(io.cucumber.datatable.DataTable)
    | Electronics | Computers | Smart Home | Sports | Automative |
]]></system-out>
    <system-err><![CDATA[SLF4J: Failed to load class "org.slf4j.impl.StaticLoggerBinder".
SLF4J: Defaulting to no-operation (NOP) logger implementation
SLF4J: See http://www.slf4j.org/codes.html#StaticLoggerBinder for further details.
ERROR StatusLogger Log4j2 could not find a logging implementation. Please add log4j-core to the classpath. Using SimpleLogger to log to the console...
1684907760408	geckodriver	INFO	Listening on 127.0.0.1:7699
1684907760727	mozrunner::runner	INFO	Running command: "C:\\Program Files\\Mozilla Firefox\\firefox.exe" "--marionette" "--remote-debugging-port" "47617" "--remote ... localhost:47617/,http://[::1]:47617/" "-no-remote" "-profile" "C:\\Users\\morte\\AppData\\Local\\Temp\\rust_mozprofileOi6sBq"
console.warn: services.settings: Ignoring preference override of remote settings server
console.warn: services.settings: Allow by setting MOZ_REMOTE_SETTINGS_DEVTOOLS=1 in the environment
1684907760967	Marionette	INFO	Marionette enabled
Dynamically enable window occlusion 0
1684907760970	Marionette	INFO	Listening on port 3925
WebDriver BiDi listening on ws://127.0.0.1:47617
Read port: 3925
1684907761166	RemoteAgent	WARN	TLS certificate errors will be ignored for this session
[ERROR glean_core] Error setting metrics feature config: Json(Error("EOF while parsing a value", line: 1, column: 0))
DevTools listening on ws://127.0.0.1:47617/devtools/browser/1f2cbacd-a730-42b3-a761-75a17363a618
1684907763607	RemoteAgent	INFO	Perform WebSocket upgrade for incoming connection from 127.0.0.1:3961
1684907763609	CDP	WARN	Invalid browser preferences for CDP. Set "fission.webContentIsolationStrategy"to 0 and "fission.bfcacheInParent" to false before Firefox starts.
1684907763638	Marionette	INFO	Stopped listening on port 3925
[Child 44324, Main Thread] WARNING: JSWindowActorChild::SendRawMessage (Conduits, ConduitClosed) not sent: !CanSend() || !mManager || !mManager->CanSend(): file /builds/worker/checkouts/gecko/dom/ipc/jsactor/JSWindowActorChild.cpp:57
[Child 44324, Main Thread] WARNING: JSWindowActorChild::SendRawMessage (Conduits, ConduitClosed) not sent: !CanSend() || !mManager || !mManager->CanSend(): file /builds/worker/checkouts/gecko/dom/ipc/jsactor/JSWindowActorChild.cpp:57
[Child 44324, Main Thread] WARNING: JSWindowActorChild::SendRawMessage (Conduits, ConduitClosed) not sent: !CanSend() || !mManager || !mManager->CanSend(): file /builds/worker/checkouts/gecko/dom/ipc/jsactor/JSWindowActorChild.cpp:57
[Child 44324, Main Thread] WARNING: JSWindowActorChild::SendRawMessage (Conduits, ConduitClosed) not sent: !CanSend() || !mManager || !mManager->CanSend(): file /builds/worker/checkouts/gecko/dom/ipc/jsactor/JSWindowActorChild.cpp:57
[Child 44324, Main Thread] WARNING: JSWindowActorChild::SendRawMessage (Conduits, ConduitClosed) not sent: !CanSend() || !mManager || !mManager->CanSend(): file /builds/worker/checkouts/gecko/dom/ipc/jsactor/JSWindowActorChild.cpp:57
[Child 44324, Main Thread] WARNING: JSWindowActorChild::SendRawMessage (Conduits, ConduitClosed) not sent: !CanSend() || !mManager || !mManager->CanSend(): file /builds/worker/checkouts/gecko/dom/ipc/jsactor/JSWindowActorChild.cpp:57
[Child 44324, Main Thread] WARNING: JSWindowActorChild::SendRawMessage (Conduits, ConduitClosed) not sent: !CanSend() || !mManager || !mManager->CanSend(): file /builds/worker/checkouts/gecko/dom/ipc/jsactor/JSWindowActorChild.cpp:57
[Child 44324, Main Thread] WARNING: JSWindowActorChild::SendRawMessage (Conduits, ConduitClosed) not sent: !CanSend() || !mManager || !mManager->CanSend(): file /builds/worker/checkouts/gecko/dom/ipc/jsactor/JSWindowActorChild.cpp:57
Dynamically enable window occlusion 1
WARNING: A blocker encountered an error while we were waiting.
          Blocker:  Waiting for ping task
          Phase: TelemetryController: Waiting for pending ping activity
          State: (none)
WARNING: Error: Phase "profile-before-change" is finished, it is too late to register completion condition "OS.File: flush I/O queued before profileBeforeChange"
WARNING: addBlocker@resource://gre/modules/AsyncShutdown.sys.mjs:727:15
addBlocker@resource://gre/modules/AsyncShutdown.sys.mjs:523:26
addBlocker@resource://gre/modules/AsyncShutdown.sys.mjs:458:15
setupShutdown@resource://gre/modules/osfile/osfile_async_front.jsm:1548:28
@resource://gre/modules/osfile/osfile_async_front.jsm:1568:16
@resource://gre/modules/osfile.jsm:12:30
@resource://gre/modules/TelemetryStorage.sys.mjs:10:28
_checkPendingPings@resource://gre/modules/TelemetrySend.sys.mjs:859:17
setup@resource://gre/modules/TelemetrySend.sys.mjs:799:18
setup@resource://gre/modules/TelemetrySend.sys.mjs:237:30
setupTelemetry/this._delayedInitTask<@resource://gre/modules/TelemetryControllerParent.sys.mjs:824:36
observe@resource://gre/modules/AsyncShutdown.sys.mjs:576:16

console.error: "TelemetryScheduler.shutdown - Already shut down"
WARNING: A blocker encountered an error while we were waiting.
          Blocker:  Waiting for ping task
          Phase: TelemetryController: Waiting for pending ping activity
          State: (none)
WARNING: Error: Phase "profile-before-change" is finished, it is too late to register completion condition "OS.File: flush I/O queued before profileBeforeChange"
WARNING: addBlocker@resource://gre/modules/AsyncShutdown.sys.mjs:727:15J
adavdBalSoccker@rriepsto urecrer://gorr:e/ mreosdouulesr/cAse:y/n/cgSrhuted/omwond.uslyse.sm/jsA:s5y2n3c:2Sh6u
atdddoBwlno.sckyers@r.emsjso,ur cle://gire/modunlee s7/2A7s:yn cSEhrurtodrow: nP.shyass.mej s":p4r5o8:1f5il
see-bteupShutfdown@resooure-rcceh:a/n/gger" ei/modules/osfsil fe/inoissfihleed_,a sity nic_sf rtoonot .ljastm:e1 5t4o r8e:28g
@irsteers oucorcem:p/le/tgiroen/ modcuondlietsi/oonsf "iOlSe./Foislfiel:e f_laussyhn c_If/Oro nqtu.jesum:ed 1b5e68f:o1r6e
 @prreosfoiulrecBee:f//orgerCeh/amnogdeul"es
/osfile.jsJam:v1a2S:c3r0ipt
 @reersroourr:c re:e/s/ogurre/ce:/mod/gurlee/sm/oTdeluleemse/tArsyySntocrShaguetd.oswysn..msyjss.m:j1s0:,2 8li
n_e c7h2ec7k: PEernrdoirng:P Pihnagsse@ r"esoproufriclee:-//bgefroer/em-ocdhualneges"/ Teislem efintirsyhSeendd.,s iyts .imsj s:t8oo 5l9a:t1e7 
tsoe rteugpi@srestoer ucrocmep:l//egtrieo/nm ocodunleditsi/Toelnem et"rOySS.Fielen:d fl.ussh I/yOs .qmuejuesd :b7ef9ore p9r:ofi1le8Befo
resChaetupn@grees"o
JuavaSrcrcipte er:ro/r: /regsorurcee://g/rme/moodduleus/lAseynscSh/utTdowen.slys.mjs, leinem 72e7:t Errror:y PShaese n"prdo.filse-ybefsor.e-mchjansge:" 2is 3fi7nis:he3d,0 it
 iss teoot lateu tpoT reegliestmeret completrion coyndi/ttionh "iOSs.F.ile: _flduesh lI/aO yqeuedued before profileBeforeChange"
JavaScript error: resource://gre/modules/AsyncShutdown.sIys.mjns,i ltinTe a727s: kEr<ror: @Prhasee "sproofile-buerfceo:r/e/g-rceh/anmgeo" disu lfeis/Tneishlede, miet tisr tyooC olaten ttor oreglisltere rcompPletaiorn ceonndittio.n s"OSy.Fisle.: fmljushs I:/O 8q2ueue4d b:e3fo6re p
rofobilseBefoerreCvhaeng@e"re
JsavaoScurricpte :er/ror/: grersoeur/cme:o/d/gurel/meodsul/esA/sAsyyncnShcutSdowhn.suystd.mojsw,n .linsyes 72.7m:j sE:rror: 5Pha7se6 ":pr1o6fi
le-be
foWrAe-RchNanIgeN"G :is f inAi shbedl, oitc kis etoro  leante ctoo ruengisttere rceodmpl eatino n ecorndritoiro n w"hOS.Fiillee:  fwlues h wI/eO qruee uewd abeiftoire nprgof.il
e Be fo re Ch an ge " 
 J aBvalScrioptc kererorr: :r es ouWrce:a/i/gtrei/mnogdu lfes/Aosyrn cSphuitdnogwn .tsys.amjsks, l
in e   727:  E rr o r :  Ph asPeh "parosfei:le T-beefolre-echmaengte"r iyConts rfionilslheedr, :it i sWai ttoiong l atfeor  pteo nrdieging stpienrg c aoctmiplveittiyon
    c o nd  it i o Snt "OS.aFteil: e(n:o flneus)h 
WIA/RON qINuGeu: Eedr rbeorfo:r ePh apsroe f"priofliele-Bbeefforoer-cehaCnhgea" nigs efin"is
hed, it is too late to register completion condition "OS.File: flush I/O queued before profileBeforeChange"
WARNING: addBlocker@resource://gre/modules/AsyncShutdown.sys.mjs:727:15
addBlocker@resource://gre/modules/AsyncShutdown.sys.mjs:523:26
addBlocker@resource://gre/modules/AsyncShutdown.sys.mjs:458:15
setupShutdown@resource://gre/modules/osfile/osfile_async_front.jsm:1548:28
@resource://gre/modules/osfile/osfile_async_front.jsm:1568:16
@resource://gre/modules/osfile.jsm:12:30
@resource://gre/modules/TelemetryStorage.sys.mjs:10:28
_checkPendingPings@resource://gre/modules/TelemetrySend.sys.mjs:859:17
setup@resource://gre/modules/TelemetrySend.sys.mjs:799:18
setup@resource://gre/modules/TelemetrySend.sys.mjs:237:30
setupTelemetry/this._delayedInitTask<@resource://gre/modules/TelemetryControllerParent.sys.mjs:824:36
observe@resource://gre/modules/AsyncShutdown.sys.mjs:576:16

WARNING: A blocker encountered an error while we were waiting.
          Blocker:  TelemetryController: shutting down
          Phase: profile-before-change-telemetry
          State: Error getting state: Error: Phase "profile-before-change" is finished, it is too late to register completion condition "OS.File: flush I/O queued before profileBeforeChange" at addBlocker@resource://gre/modules/AsyncShutdown.sys.mjs:727:15
addBlocker@resource://gre/modules/AsyncShutdown.sys.mjs:523:26
addBlocker@resource://gre/modules/AsyncShutdown.sys.mjs:458:15
setupShutdown@resource://gre/modules/osfile/osfile_async_front.jsm:1548:28
@resource://gre/modules/osfile/osfile_async_front.jsm:1568:16
@resource://gre/modules/osfile.jsm:12:30
@resource://gre/modules/TelemetryStorage.sys.mjs:10:28
_checkPendingPings@resource://gre/modules/TelemetrySend.sys.mjs:859:17
setup@resource://gre/modules/TelemetrySend.sys.mjs:799:18
setup@resource://gre/modules/TelemetrySend.sys.mjs:237:30
setupTelemetry/this._delayedInitTask<@resource://gre/modules/TelemetryControllerParent.sys.mjs:824:36
observe@resource://gre/modules/AsyncShutdown.sys.mjs:576:16

WARNING: Error: Phase "profile-before-change" is finished, it is too late to register completion condition "OS.File: flush I/O queued before profileBeforeChange"
WARNING: addBlocker@resource://gre/modules/AsyncShutdown.sys.mjs:727:15
addBlocker@resource://gre/modules/AsyncShutdown.sys.mjs:523:26
addBlocker@resource://gre/modules/AsyncShutdown.sys.mjs:458:15
setupShutdown@resource://gre/modules/osfile/osfile_async_front.jsm:1548:28
@resource://gre/modules/osfile/osfile_async_front.jsm:1568:16
@resource://gre/modules/osfile.jsm:12:30
@resource://gre/modules/TelemetryStorage.sys.mjs:10:28
_checkPendingPings@resource://gre/modules/TelemetrySend.sys.mjs:859:17
setup@resource://gre/modules/TelemetrySend.sys.mjs:799:18
setup@resource://gre/modules/TelemetrySend.sys.mjs:237:30
setupTelemetry/this._delayedInitTask<@resource://gre/modules/TelemetryControllerParent.sys.mjs:824:36
observe@resource://gre/modules/AsyncShutdown.sys.mjs:576:16

]]></system-err>
  </testcase>
  <testcase name="Verify department sidebar options #1" classname="Retail Home Page" time="3.602">
    <system-out><![CDATA[
@Regression
Scenario Outline: Verify department sidebar options # features/Home.feature:20
 INFO [main] (HomeSteps.java:29)- Tekschool logo was displayed successfully
  Given User is on retail website                   # tek.capstone.dragons.steps.HomeSteps.userIsOnRetailWebsite()
 INFO [main] (HomeSteps.java:35)- User clicked on All section successfully
  When User click on All section                    # tek.capstone.dragons.steps.HomeSteps.userClickOnAllSection()
  And User on 'Electronics'                         # tek.capstone.dragons.steps.HomeSteps.userOn(java.lang.String)
  Then below options are present in department      # tek.capstone.dragons.steps.HomeSteps.belowOptionsArePresentInDepartment(io.cucumber.datatable.DataTable)
    | 'TV & Video' | 'Video Games' |
]]></system-out>
    <system-err><![CDATA[1684907764327	geckodriver	INFO	Listening on 127.0.0.1:40474
1684907764364	mozrunner::runner	INFO	Running command: "C:\\Program Files\\Mozilla Firefox\\firefox.exe" "--marionette" "--remote-debugging-port" "20938" "--remote ... localhost:20938/,http://[::1]:20938/" "-no-remote" "-profile" "C:\\Users\\morte\\AppData\\Local\\Temp\\rust_mozprofile8t9Y4d"
console.warn: services.settings: Ignoring preference override of remote settings server
console.warn: services.settings: Allow by setting MOZ_REMOTE_SETTINGS_DEVTOOLS=1 in the environment
1684907764607	Marionette	INFO	Marionette enabled
Dynamically enable window occlusion 0
1684907764611	Marionette	INFO	Listening on port 3966
WebDriver BiDi listening on ws://127.0.0.1:20938
Read port: 3966
1684907764804	RemoteAgent	WARN	TLS certificate errors will be ignored for this session
[ERROR glean_core] Error setting metrics feature config: Json(Error("EOF while parsing a value", line: 1, column: 0))
DevTools listening on ws://127.0.0.1:20938/devtools/browser/5073626f-8572-4279-b0b4-cd7c0afc9a6b
1684907767311	RemoteAgent	INFO	Perform WebSocket upgrade for incoming connection from 127.0.0.1:4005
1684907767313	CDP	WARN	Invalid browser preferences for CDP. Set "fission.webContentIsolationStrategy"to 0 and "fission.bfcacheInParent" to false before Firefox starts.
1684907767317	Marionette	INFO	Stopped listening on port 3966
[Child 9128, Main Thread] WARNING: JSWindowActorChild::SendRawMessage (Conduits, ConduitClosed) not sent: !CanSend() || !mManager || !mManager->CanSend(): file /builds/worker/checkouts/gecko/dom/ipc/jsactor/JSWindowActorChild.cpp:57
[Child 9128, Main Thread] WARNING: JSWindowActorChild::SendRawMessage (Conduits, ConduitClosed) not sent: !CanSend() || !mManager || !mManager->CanSend(): file /builds/worker/checkouts/gecko/dom/ipc/jsactor/JSWindowActorChild.cpp:57
[Child 9128, Main Thread] WARNING: JSWindowActorChild::SendRawMessage (Conduits, ConduitClosed) not sent: !CanSend() || !mManager || !mManager->CanSend(): file /builds/worker/checkouts/gecko/dom/ipc/jsactor/JSWindowActorChild.cpp:57
[Child 9128, Main Thread] WARNING: JSWindowActorChild::SendRawMessage (Conduits, ConduitClosed) not sent: !CanSend() || !mManager || !mManager->CanSend(): file /builds/worker/checkouts/gecko/dom/ipc/jsactor/JSWindowActorChild.cpp:57
[Child 9128, Main Thread] WARNING: JSWindowActorChild::SendRawMessage (Conduits, ConduitClosed) not sent: !CanSend() || !mManager || !mManager->CanSend(): file /builds/worker/checkouts/gecko/dom/ipc/jsactor/JSWindowActorChild.cpp:57
[Child 9128, Main Thread] WARNING: JSWindowActorChild::SendRawMessage (Conduits, ConduitClosed) not sent: !CanSend() || !mManager || !mManager->CanSend(): file /builds/worker/checkouts/gecko/dom/ipc/jsactor/JSWindowActorChild.cpp:57
[Child 9128, Main Thread] WARNING: JSWindowActorChild::SendRawMessage (Conduits, ConduitClosed) not sent: !CanSend() || !mManager || !mManager->CanSend(): file /builds/worker/checkouts/gecko/dom/ipc/jsactor/JSWindowActorChild.cpp:57
[Child 9128, Main Thread] WARNING: JSWindowActorChild::SendRawMessage (Conduits, ConduitClosed) not sent: !CanSend() || !mManager || !mManager->CanSend(): file /builds/worker/checkouts/gecko/dom/ipc/jsactor/JSWindowActorChild.cpp:57
Dynamically enable window occlusion 1
WARNING: A blocker encountered an error while we were waiting.
          Blocker:  Waiting for ping task
          Phase: TelemetryController: Waiting for pending ping activity
          State: (none)
WARNING: Error: Phase "profile-before-change" is finished, it is too late to register completion condition "OS.File: flush I/O queued before profileBeforeChange"
WARNING: addBlocker@resource://gre/modules/AsyncShutdown.sys.mjs:727:15
addBlocker@resource://gre/modules/AsyncShutdown.sys.mjs:523:26
addBlocker@resource://gre/modules/AsyncShutdown.sys.mjs:458:15
setupShutdown@resource://gre/modules/osfile/osfile_async_front.jsm:1548:28
@resource://gre/modules/osfile/osfile_async_front.jsm:1568:16
@resource://gre/modules/osfile.jsm:12:30
@resource://gre/modules/TelemetryStorage.sys.mjs:10:28
_checkPendingPings@resource://gre/modules/TelemetrySend.sys.mjs:859:17
setup@resource://gre/modules/TelemetrySend.sys.mjs:799:18
setup@resource://gre/modules/TelemetrySend.sys.mjs:237:30
setupTelemetry/this._delayedInitTask<@resource://gre/modules/TelemetryControllerParent.sys.mjs:824:36
observe@resource://gre/modules/AsyncShutdown.sys.mjs:576:16

console.error: "TelemetryScheduler.shutdown - Already shut down"
WARNING: A blocker encountered an error while we were waiting.
          Blocker:  Waiting for ping task
          Phase: TelemetryController: Waiting for pending ping activity
          State: (none)
WARNING: Error: Phase "profile-before-change" is finished, it is too late to register completion condition "OS.File: flush I/O queued before profileBeforeChange"
WARNING: addBlocker@resource://gre/modules/AsyncShutdown.sys.mjs:727:15
addBlocker@resource://gre/modules/AsyncShutdown.sys.mjs:523:26
addBlocker@resource://gre/modules/AsyncShutdown.sys.mjs:458:15
setupShutdown@resource://gre/modules/osfile/osfile_async_front.jsm:1548:28
@resource://gre/modules/osfile/osfile_async_front.jsm:1568:16
@resource://gre/modules/osfile.jsm:12:30
@resource://gre/modules/TelemetryStorage.sys.mjs:10:28
_checkPendingPings@resource://gre/modules/TelemetrySend.sys.mjs:859:17
setup@resource://gre/modules/TelemetrySend.sys.mjs:799:18
setup@resource://gre/modules/TelemetrySend.sys.mjs:237:30
setupTelemetry/this._delayedInitTask<@resource://gre/modules/TelemetryControllerParent.sys.mjs:824:36
observe@resource://gre/modules/AsyncShutdown.sys.mjs:576:16

WARNING: A blocker encountered an error while we were waiting.
          Blocker:  Waiting for ping task
          Phase: TelemetryController: Waiting for pending ping activity
          State: (none)
WARNING: Error: Phase "profile-before-change" is finished, it is too late to register completion condition "OS.File: flush I/O queued before profileBeforeChange"
WARNING: addBlocker@resource://gre/modules/AsyncShutdown.sys.mjs:727:15
addBlJocker@raevsaoSucrricpte e:rr/or/: rgesrouer/cem:/o/gdreu/mlodeulses//AAssynycSnhuctdSowhn.ustysd.mojsw, nli.nes 72y7s:. mErjrosr:: P5ha2se3 ":pr2of6ile-
baefdorde-Bchlanogec" kise frin@isrheed,s iot uirs ctoeo :la/te/ tgore/modules /reAgisstyenr ccSomhpluettidono cwonndi.tisony "sOS..Fmilje:s :fl4us5h 8I/:O 1q5ueu
eds beeftoruep pSrohfiuletBedfoorewChna@ngre"e
source://gre/modules/osfile/osfilJeav_aSacrsiyptn ecr_rofr:r roesnt.jsm:15o4u8rce::/2/8gre/
mo@durlees/sAsoynucSrhuctdeow:n//gre/modules/osfile./osfile_asysncy_sf.rmojnst,. jlsimn:e1 57627: Error: Phase "p8:16
@resrourcoef:i//grlee/-mboedfuolrees-/cohsafniglee". jissm :f1i2n:i3s0he
d@,r eisto uirsc et:/o/og rlea/tmeo dtuol erse/gTieslteemre tcroymSptloertagieo.ns ycso.nmdjist:i1o0n: 2"8OS
._Fcihleec:k Pfelnudsihn gIP/iOn gqsu@erueesdo ubrecfeo:r/e/ gprroef/imloedBuelfeosr/eTCehlaenmgeet"ry
SJeanvda.Sscyrsi.pmtj se:r8r5o9r::1 7re
ssoeutrucpe@:r/e/gre/modules/AsyncShutdoswn.osyusr.cmej:s/,/ glrien/em o7d2u7l:e sE/rTreolre:m ePthraysSee n"dp.rsoyfsi.lmej-sb:e7f9o9r:e1-8ch
asnegteu"p @irse sfoiunricseh:e/d,/ girte /imso dtuoloe sl/aTteel etmoe trreygSiesntde.rs ycso.mmpjlse:t2i3o7n: 3c0on
dsiettiuopnT e"lOeSm.eFtirlye/:t hfilsu.s_hd eIl/aOy eqduIenuietdT absekf<o@rree sporuorfciel:e/B/egfroer/emCohdaunlgees"/T
eJlaevmaeStcrryiCopntt reorlrloerr:P arreesnotu.rscyes:./m/jgsr:e8/2m4o:d3u6le
so/bAsseyrnvceS@hruetsdoouwrnc.es:y/s/.gmrjes/,m oldiunlee s7/2A7s:y nEcrSrhourt:d oPwhna.ssey s".pmrjosf:i5l7e6-:b1e6fo
re
-WcAhRNaInNgGe:"  Ai sb lfoicnkiesrh eedn,c oiutn tiesr etdo oa nl aetrer otro  wrheiglies tweer  wceormep lweatiitoinn gc.on
d i t i o n   " O S .BFliolcek:e rf:l u sThe lIe/mOe tqruyeCuoendt rboelfloerre:  psrhutting dofileBefoorwenCh
a n g e "  
 J a v aPShcarsiep:t  perrorfoirl:e -rbeesfoourrec-ec:h/a/nggree-/tmeoldeumleetsr/yAs
y n c S h u t d o w nS.tsaytse.:m jEsr,r olri ngee t7t2ing state7: Error: Ph:as e E"rprroofirle:- bePfhoraes-ceh an"gpe"r oifs iflineis-hbeed, it is too flaotre et-o crhegainstgeer "co mpilset ifoni ncionsdhietidon,  "OiSt.F iiles:  ftluosho I /lO aqtueeu edt obe froreeg pirsoftielreB ecfoormeCphlanegte"i oatn  acddoBlnocdkiert@ireosnou r"ceO:S//.gFrei/lmoed:ul efs/lAusysnhcS hIu/tdOo wqnu.seyus.emdjs :7b2e7:f1o5r
ead dpBlrocokefri@rleesBouercfeo:/r/egrCeh/maodnuglees"/As
yJncaSvhuatSdocwrni.spyts. mejsr:5r2o3:r2:6 
ardedBsloouckrerc@ere:s/ou/rgcer:e///gmreo/dmoudluleess//AAsysnycSnhcutSdhowunt.sdyosw.mnj.s:s45y8:s1.5m
jsest,up Shlutidnowen@ r7es2o7ur:ce :E//rgrreo/mro:du lPesh/aossfeil e/"ospfirleo_afsyincl_fero-ntb.ejfsomr:1e54-8c:h28an
@grees"o urice://gre/modules/osfile/osfile_async_front.jsm:1568:16
@ressou rcfe:i/n/girse/hmeoddu,le si/to sfiisle .tjsomo:1 2l:3a0t
e@ retsoou rrcee:/gister c/ogrmep/mloedutlieso/nTe lecmoetnrydSitotraigoe.ns y"sO.mSj.s:F1i0:l2e8:
 _cfhlecukPsehndingPings@resou rce://greI//mOo dquuleeuse/dT ebleefmoerter ypSreonfdi.lseyBse.fmojrse:C8hange"
59:17
setup@resource://gre/modules/TelemetrySend.sys.mjs:799:18
setup@resource://gre/modules/TelemetrySend.sys.mjs:237:30
setupTelemetry/this._delayedInitTask<@resource://gre/modules/TelemetryControllerParent.sys.mjs:824:36
observe@resource://gre/modules/AsyncShutdown.sys.mjs:576:16

WARNING: Error: Phase "profile-before-change" is finished, it is too late to register completion condition "OS.File: flush I/O queued before profileBeforeChange"
WARNING: addBlocker@resource://gre/modules/AsyncShutdown.sys.mjs:727:15
addBlocker@resource://gre/modules/AsyncShutdown.sys.mjs:523:26
addBlocker@resource://gre/modules/AsyncShutdown.sys.mjs:458:15
setupShutdown@resource://gre/modules/osfile/osfile_async_front.jsm:1548:28
@resource://gre/modules/osfile/osfile_async_front.jsm:1568:16
@resource://gre/modules/osfile.jsm:12:30
@resource://gre/modules/TelemetryStorage.sys.mjs:10:28
_checkPendingPings@resource://gre/modules/TelemetrySend.sys.mjs:859:17
setup@resource://gre/modules/TelemetrySend.sys.mjs:799:18
setup@resource://gre/modules/TelemetrySend.sys.mjs:237:30
setupTelemetry/this._delayedInitTask<@resource://gre/modules/TelemetryControllerParent.sys.mjs:824:36
observe@resource://gre/modules/AsyncShutdown.sys.mjs:576:16

]]></system-err>
  </testcase>
  <testcase name="Verify department sidebar options #2" classname="Retail Home Page" time="3.91">
    <system-out><![CDATA[
@Regression
Scenario Outline: Verify department sidebar options # features/Home.feature:21
 INFO [main] (HomeSteps.java:29)- Tekschool logo was displayed successfully
  Given User is on retail website                   # tek.capstone.dragons.steps.HomeSteps.userIsOnRetailWebsite()
 INFO [main] (HomeSteps.java:35)- User clicked on All section successfully
  When User click on All section                    # tek.capstone.dragons.steps.HomeSteps.userClickOnAllSection()
  And User on 'Computers'                           # tek.capstone.dragons.steps.HomeSteps.userOn(java.lang.String)
  Then below options are present in department      # tek.capstone.dragons.steps.HomeSteps.belowOptionsArePresentInDepartment(io.cucumber.datatable.DataTable)
    | 'Accessories' | 'Networking' |
]]></system-out>
    <system-err><![CDATA[1684907767914	geckodriver	INFO	Listening on 127.0.0.1:31809
1684907767953	mozrunner::runner	INFO	Running command: "C:\\Program Files\\Mozilla Firefox\\firefox.exe" "--marionette" "--remote-debugging-port" "26074" "--remote ... localhost:26074/,http://[::1]:26074/" "-no-remote" "-profile" "C:\\Users\\morte\\AppData\\Local\\Temp\\rust_mozprofileK9L7Ea"
console.warn: services.settings: Ignoring preference override of remote settings server
console.warn: services.settings: Allow by setting MOZ_REMOTE_SETTINGS_DEVTOOLS=1 in the environment
1684907768198	Marionette	INFO	Marionette enabled
Dynamically enable window occlusion 0
1684907768202	Marionette	INFO	Listening on port 4011
WebDriver BiDi listening on ws://127.0.0.1:26074
Read port: 4011
1684907768401	RemoteAgent	WARN	TLS certificate errors will be ignored for this session
[ERROR glean_core] Error setting metrics feature config: Json(Error("EOF while parsing a value", line: 1, column: 0))
DevTools listening on ws://127.0.0.1:26074/devtools/browser/040b705c-400a-4875-abf0-d17c15271de7
1684907771008	RemoteAgent	INFO	Perform WebSocket upgrade for incoming connection from 127.0.0.1:4049
1684907771010	CDP	WARN	Invalid browser preferences for CDP. Set "fission.webContentIsolationStrategy"to 0 and "fission.bfcacheInParent" to false before Firefox starts.
1684907771013	Marionette	INFO	Stopped listening on port 4011
[Child 30952, Main Thread] WARNING: JSWindowActorChild::SendRawMessage (Conduits, ConduitClosed) not sent: !CanSend() || !mManager || !mManager->CanSend(): file /builds/worker/checkouts/gecko/dom/ipc/jsactor/JSWindowActorChild.cpp:57
[Child 30952, Main Thread] WARNING: JSWindowActorChild::SendRawMessage (Conduits, ConduitClosed) not sent: !CanSend() || !mManager || !mManager->CanSend(): file /builds/worker/checkouts/gecko/dom/ipc/jsactor/JSWindowActorChild.cpp:57
[Child 30952, Main Thread] WARNING: JSWindowActorChild::SendRawMessage (Conduits, ConduitClosed) not sent: !CanSend() || !mManager || !mManager->CanSend(): file /builds/worker/checkouts/gecko/dom/ipc/jsactor/JSWindowActorChild.cpp:57
[Child 30952, Main Thread] WARNING: JSWindowActorChild::SendRawMessage (Conduits, ConduitClosed) not sent: !CanSend() || !mManager || !mManager->CanSend(): file /builds/worker/checkouts/gecko/dom/ipc/jsactor/JSWindowActorChild.cpp:57
[Child 30952, Main Thread] WARNING: JSWindowActorChild::SendRawMessage (Conduits, ConduitClosed) not sent: !CanSend() || !mManager || !mManager->CanSend(): file /builds/worker/checkouts/gecko/dom/ipc/jsactor/JSWindowActorChild.cpp:57
[Child 30952, Main Thread] WARNING: JSWindowActorChild::SendRawMessage (Conduits, ConduitClosed) not sent: !CanSend() || !mManager || !mManager->CanSend(): file /builds/worker/checkouts/gecko/dom/ipc/jsactor/JSWindowActorChild.cpp:57
[Child 30952, Main Thread] WARNING: JSWindowActorChild::SendRawMessage (Conduits, ConduitClosed) not sent: !CanSend() || !mManager || !mManager->CanSend(): file /builds/worker/checkouts/gecko/dom/ipc/jsactor/JSWindowActorChild.cpp:57
[Child 30952, Main Thread] WARNING: JSWindowActorChild::SendRawMessage (Conduits, ConduitClosed) not sent: !CanSend() || !mManager || !mManager->CanSend(): file /builds/worker/checkouts/gecko/dom/ipc/jsactor/JSWindowActorChild.cpp:57
Dynamically enable window occlusion 1
WARNING: A blocker encountered an error while we were waiting.
          Blocker:  Waiting for ping task
          Phase: TelemetryController: Waiting for pending ping activity
          State: (none)
WARNING: Error: Phase "profile-before-change" is finished, it is too late to register completion condition "OS.File: flush I/O queued before profileBeforeChange"
WARNING: addBlocker@resource://gre/modules/AsyncShutdown.sys.mjs:727:15
addBlocker@resource://gre/modules/AsyncShutdown.sys.mjs:523:26
addBlocker@resource://gre/modules/AsyncShutdown.sys.mjs:458:15
setupShutdown@resource://gre/modules/osfile/osfile_async_front.jsm:1548:28
@resource://gre/modules/osfile/osfile_async_front.jsm:1568:16
@resource://gre/modules/osfile.jsm:12:30
@resource://gre/modules/TelemetryStorage.sys.mjs:10:28
_checkPendingPings@resource://gre/modules/TelemetrySend.sys.mjs:859:17
setup@resource://gre/modules/TelemetrySend.sys.mjs:799:18
setup@resource://gre/modules/TelemetrySend.sys.mjs:237:30
setupTelemetry/this._delayedInitTask<@resource://gre/modules/TelemetryControllerParent.sys.mjs:824:36
observe@resource://gre/modules/AsyncShutdown.sys.mjs:576:16

console.error: "TelemetryScheduler.shutdown - Already shut down"
WARNING: A blocker encountered an error while we were waiting.
          Blocker:  Waiting for ping task
          Phase: TelemetryController: Waiting for pending ping activity
          State: (none)
WARNING: Error: Phase "profile-before-change" is finished, it is too late to register completion condition "OS.File: flush I/O queued before profileBeforeChange"
WARNING: addBlocker@resource://gre/modules/AsyncShutdown.sys.mjs:727:15
addBlocker@resource://gre/modules/AsyncShutdown.sys.mjs:523:26
addBlocker@resource://gre/modules/AsyncShutdown.sys.mjs:458:15
setupShutdown@resource://gre/modules/osfile/osfile_async_front.jsm:1548:28
@resource://gre/modules/osfile/osfile_async_front.jsm:1568:16
@resource://gre/modules/osfile.jsm:12:30
@resource://gre/modules/TelemetryStorage.sys.mjs:10:28
_checkPendingPings@resource://gre/modules/TelemetrySend.sys.mjs:859:17
setup@resource://gre/modules/TelemetrySend.sys.mjs:799:18
setup@resource://gre/modules/TelemetrySend.sys.mjs:237:30
setupTelemetry/this._delayedInitTask<@resource://gre/modules/TelemetryControllerParent.sys.mjs:824:36
observe@resource://gre/modules/AsyncShutdown.sys.mjs:576:16

WARNING: A blocker encountered an error while we were waiting.
          Blocker:  Waiting for pingJ tasakvaS
c ri pt  e rr o r:   r es ouPrhcea:/s/gere:/m oTduellese/AmsyenctShutdown.sys.rmjysC, olinnte r72o7l: lErerorr::  PhWasae i"ptroifnilge- beffoorer- chpaengne"d iisn gfi nipshiedng act,i ivti itsy to
o  l a te   to  r e gi st erS ctomaplteeti:o n c(onnodnieti)on 
"WOSA.FRiNle:I fNluGs:h  I/EOr qrueouerd :be foPreh aprsofeil e"BepfroroeCfhianlgee"-
before-change" is finisheJdav,aS ciritpt  eirrsor :t roeoso ulrcaet:/e/g ret/moo durleesg/iAssytnceShru tdcoownm.spysl.emjts,i olinn e c7o27n: dEirrtoir:o nPh as"e O"pSro.fFilie-lbeef:or ef-clhuansghe"  iIs /fOin isqheude, uiet dis  tbooe flaoter eto  prergoisfteirl ceomBpleetfioonr ceonCdihtaionn g"OeS".
WAFRilNe:I NflGus:h  I/aOd qduBeuleod cbkefeorre@ prroefisloeBuerfocreeC:h/an/geg"r
Jea/vamSocrdiuptl eesrr/oArs: yrnescoSuhrcuet:/d/ogrwe/nmo.dsulyess/.AsmyjncsSh:u7td2ow7n:.s1y5s.m
jsa, dlidneB 7l27o:c Ekrerorr@: rPehassoe u"prrocfeil:e-/b/efgorre-ec/hamngoe"d uisl efisni/AssynhceSd,h uitt diso wtono. lsaytes .tom jresgi:st5e2r 3c:om2p6leti
oan dconddBitlioon c"OkS.eFri@lree: sflousuh rIc/O equ:e/ue/d gberfoere/ mproodfiulleBeesfo/rAeCshyanngce"Sh
JuatvadSocrwinpt. seryrsor.:m rjesso:u4rc5e8:/:/1gr5e/m
osdueltesu/pAsSynhcuShtudtdown@reoswon.usrysc.emj:s/, /lginree 7/2m7:o dErurlore:s P/hoassef "iplroef/iloes-bfeifolree-_cahasnygen"c i_sf frinoinshte.d,j sitm :is1 5to4o8 l:a2te8 to 
r@egriestseor ucormcplee:ti/o/n gcorndeit/iomno "dOSu.lFieles: /floussh fIi/lO eq/ueousedf biefloree_ aprsofyilnecBe_fofrreoChnantge."js
Jmav:aS1cr5ip6t error: r8eso:ur1c6e://
gr@e/rmoedsuloesu/ArsycnecS:hu/t/dgowrne.s/ysm.omjdsu,les/o slifnei 7l2e7:. Ejrsromr:: P1h2as:e 3"0prof
il@e-rbeesfoorue-rcchaeng:e/" /is finished, it is too late tgo rreeg/ismteord ucolmpelse/tiToen lcoenmdiettiroynS "tOoS.rFailgee: .flsuyshs I./Om qjuseu:e1d 0be:f2or8e 
pro_ficlehBefeorceCkhanPgee"nd
iJavnaSgcPriipnt egs@resource:rro/r/: gresource://gre/modulers/AsyncShutedow/n.smyso.mjds,u lilnee 72s7: /ErTrore: lPheasme "eprtofriley-beSfoere-nchdan.ges" iys.mjs:859:1s7 fin
isshede, tit uis pto@o lratee to register completion condition "OS.File: flush I/O queued before profileBeforeChange"
source://gre/modules/TelemetrySend.sys.mjs:799:18
setup@resource://gre/modules/TelemetrySend.sys.mjs:237:30
setupTelemetry/this._delayedInitTask<@resource://gre/modules/TelemetryControllerParent.sys.mjs:824:36
observe@resource://gre/modules/AsyncShutdown.sys.mjs:576:16

WARNING: A blocker encountered an error while we were waiting.
          Blocker:  TelemetryController: shutting down
          Phase: profile-before-change-telemetry
          State: Error getting state: Error: Phase "profile-before-change" is finished, it is too late to register completion condition "OS.File: flush I/O queued before profileBeforeChange" at addBlocker@resource://gre/modules/AsyncShutdown.sys.mjs:727:15
addBlocker@resource://gre/modules/AsyncShutdown.sys.mjs:523:26
addBlocker@resource://gre/modules/AsyncShutdown.sys.mjs:458:15
setupShutdown@resource://gre/modules/osfile/osfile_async_front.jsm:1548:28
@resource://gre/modules/osfile/osfile_async_front.jsm:1568:16
@resource://gre/modules/osfile.jsm:12:30
@resource://gre/modules/TelemetryStorage.sys.mjs:10:28
_checkPendingPings@resource://gre/modules/TelemetrySend.sys.mjs:859:17
setup@resource://gre/modules/TelemetrySend.sys.mjs:799:18
setup@resource://gre/modules/TelemetrySend.sys.mjs:237:30
setupTelemetry/this._delayedInitTask<@resource://gre/modules/TelemetryControllerParent.sys.mjs:824:36
observe@resource://gre/modules/AsyncShutdown.sys.mjs:576:16

WARNING: Error: Phase "profile-before-change" is finished, it is too late to register completion condition "OS.File: flush I/O queued before profileBeforeChange"
WARNING: addBlocker@resource://gre/modules/AsyncShutdown.sys.mjs:727:15
addBlocker@resource://gre/modules/AsyncShutdown.sys.mjs:523:26
addBlocker@resource://gre/modules/AsyncShutdown.sys.mjs:458:15
setupShutdown@resource://gre/modules/osfile/osfile_async_front.jsm:1548:28
@resource://gre/modules/osfile/osfile_async_front.jsm:1568:16
@resource://gre/modules/osfile.jsm:12:30
@resource://gre/modules/TelemetryStorage.sys.mjs:10:28
_checkPendingPings@resource://gre/modules/TelemetrySend.sys.mjs:859:17
setup@resource://gre/modules/TelemetrySend.sys.mjs:799:18
setup@resource://gre/modules/TelemetrySend.sys.mjs:237:30
setupTelemetry/this._delayedInitTask<@resource://gre/modules/TelemetryControllerParent.sys.mjs:824:36
observe@resource://gre/modules/AsyncShutdown.sys.mjs:576:16

]]></system-err>
  </testcase>
  <testcase name="Verify department sidebar options #3" classname="Retail Home Page" time="3.7">
    <system-out><![CDATA[
@Regression
Scenario Outline: Verify department sidebar options # features/Home.feature:22
 INFO [main] (HomeSteps.java:29)- Tekschool logo was displayed successfully
  Given User is on retail website                   # tek.capstone.dragons.steps.HomeSteps.userIsOnRetailWebsite()
 INFO [main] (HomeSteps.java:35)- User clicked on All section successfully
  When User click on All section                    # tek.capstone.dragons.steps.HomeSteps.userClickOnAllSection()
  And User on 'Smart Home'                          # tek.capstone.dragons.steps.HomeSteps.userOn(java.lang.String)
  Then below options are present in department      # tek.capstone.dragons.steps.HomeSteps.belowOptionsArePresentInDepartment(io.cucumber.datatable.DataTable)
    | 'Smart Home Lightning' | 'Plugs and Outlets' |
]]></system-out>
    <system-err><![CDATA[1684907771823	geckodriver	INFO	Listening on 127.0.0.1:42678
1684907771864	mozrunner::runner	INFO	Running command: "C:\\Program Files\\Mozilla Firefox\\firefox.exe" "--marionette" "--remote-debugging-port" "42960" "--remote ... localhost:42960/,http://[::1]:42960/" "-no-remote" "-profile" "C:\\Users\\morte\\AppData\\Local\\Temp\\rust_mozprofile7rQMrx"
console.warn: services.settings: Ignoring preference override of remote settings server
console.warn: services.settings: Allow by setting MOZ_REMOTE_SETTINGS_DEVTOOLS=1 in the environment
1684907772105	Marionette	INFO	Marionette enabled
Dynamically enable window occlusion 0
1684907772109	Marionette	INFO	Listening on port 4059
WebDriver BiDi listening on ws://127.0.0.1:42960
Read port: 4059
1684907772308	RemoteAgent	WARN	TLS certificate errors will be ignored for this session
[ERROR glean_core] Error setting metrics feature config: Json(Error("EOF while parsing a value", line: 1, column: 0))
DevTools listening on ws://127.0.0.1:42960/devtools/browser/5bad7418-2db0-4787-ab49-2fb4e0436c44
1684907774934	RemoteAgent	INFO	Perform WebSocket upgrade for incoming connection from 127.0.0.1:4098
1684907774936	CDP	WARN	Invalid browser preferences for CDP. Set "fission.webContentIsolationStrategy"to 0 and "fission.bfcacheInParent" to false before Firefox starts.
1684907774939	Marionette	INFO	Stopped listening on port 4059
[Child 39604, Main Thread] WARNING: JSWindowActorChild::SendRawMessage (Conduits, ConduitClosed) not sent: !CanSend() || !mManager || !mManager->CanSend(): file /builds/worker/checkouts/gecko/dom/ipc/jsactor/JSWindowActorChild.cpp:57
[Child 39604, Main Thread] WARNING: JSWindowActorChild::SendRawMessage (Conduits, ConduitClosed) not sent: !CanSend() || !mManager || !mManager->CanSend(): file /builds/worker/checkouts/gecko/dom/ipc/jsactor/JSWindowActorChild.cpp:57
[Child 39604, Main Thread] WARNING: JSWindowActorChild::SendRawMessage (Conduits, ConduitClosed) not sent: !CanSend() || !mManager || !mManager->CanSend(): file /builds/worker/checkouts/gecko/dom/ipc/jsactor/JSWindowActorChild.cpp:57
[Child 39604, Main Thread] WARNING: JSWindowActorChild::SendRawMessage (Conduits, ConduitClosed) not sent: !CanSend() || !mManager || !mManager->CanSend(): file /builds/worker/checkouts/gecko/dom/ipc/jsactor/JSWindowActorChild.cpp:57
[Child 39604, Main Thread] WARNING: JSWindowActorChild::SendRawMessage (Conduits, ConduitClosed) not sent: !CanSend() || !mManager || !mManager->CanSend(): file /builds/worker/checkouts/gecko/dom/ipc/jsactor/JSWindowActorChild.cpp:57
[Child 39604, Main Thread] WARNING: JSWindowActorChild::SendRawMessage (Conduits, ConduitClosed) not sent: !CanSend() || !mManager || !mManager->CanSend(): file /builds/worker/checkouts/gecko/dom/ipc/jsactor/JSWindowActorChild.cpp:57
[Child 39604, Main Thread] WARNING: JSWindowActorChild::SendRawMessage (Conduits, ConduitClosed) not sent: !CanSend() || !mManager || !mManager->CanSend(): file /builds/worker/checkouts/gecko/dom/ipc/jsactor/JSWindowActorChild.cpp:57
[Child 39604, Main Thread] WARNING: JSWindowActorChild::SendRawMessage (Conduits, ConduitClosed) not sent: !CanSend() || !mManager || !mManager->CanSend(): file /builds/worker/checkouts/gecko/dom/ipc/jsactor/JSWindowActorChild.cpp:57
Dynamically enable window occlusion 1
WARNING: A blocker encountered an error while we were waiting.
          Blocker:  Waiting for ping task
          Phase: TelemetryController: Waiting for pending ping activity
          State: (none)
WARNING: Error: Phase "profile-before-change" is finished, it is too late to register completion condition "OS.File: flush I/O queued before profileBeforeChange"
WARNING: addBlocker@resource://gre/modules/AsyncShutdown.sys.mjs:727:15
addBlocker@resource://gre/modules/AsyncShutdown.sys.mjs:523:26
addBlocker@resource://gre/modules/AsyncShutdown.sys.mjs:458:15
setupShutdown@resource://gre/modules/osfile/osfile_async_front.jsm:1548:28
@resource://gre/modules/osfile/osfile_async_front.jsm:1568:16
@resource://gre/modules/osfile.jsm:12:30
@resource://gre/modules/TelemetryStorage.sys.mjs:10:28
_checkPendingPings@resource://gre/modules/TelemetrySend.sys.mjs:859:17
setup@resource://gre/modules/TelemetrySend.sys.mjs:799:18
setup@resource://gre/modules/TelemetrySend.sys.mjs:237:30
setupTelemetry/this._delayedInitTask<@resource://gre/modules/TelemetryControllerParent.sys.mjs:824:36
observe@resource://gre/modules/AsyncShutdown.sys.mjs:576:16

console.error: "TelemetryScheduler.shutdown - Already shut down"
WARNING: A blocker encountered an error while we were waiting.
          Blocker:  Waiting for ping task
          Phase: TelemetryController: Waiting for pending ping activity
          State: (none)
WARNING: Error: Phase "profile-before-change" is finished, it is too late to register completion condition "OS.File: flush I/O queued before profileBeforeChange"
WARNING: addBlocker@resource://gre/modules/AsyncShutdown.sys.mjs:727:15
addBlocker@resource://gre/modules/AsyncShutdown.sys.mjs:523:26
addBlocker@resource://gre/modules/AsyncShutdown.sys.mjs:458:15
setupShutdown@resource://gre/modules/osfile/osfile_async_front.jsm:1548:28
@resource://gre/modules/osfile/osfile_async_front.jsm:1568:16
@resource://gre/modules/osfile.jsm:12:30
@resource://gre/modules/TelemetryStorage.sys.mjs:10:28
_checkPendingPings@resource://gre/modules/TelemetrySend.sys.mjs:859:17
setup@resource://gre/modules/TelemetrySend.sys.mjs:799:18
setup@resource://gre/modules/TelemetrySend.sys.mjs:237:30
setupTelemetry/this._delayedInitTask<@resource://gre/modules/TelemetryControllerParent.sys.mjs:824:36
observe@resource://gre/modules/AsyncShutdown.sys.mjs:576:16

WARNING: A blocker encountered an error while we were waiting.
          Blocker:  Waiting for ping task
          Phase: TelemetryController: Waiting for pending ping activity
          State: (none)
WARNING: Error: Phase "profile-before-change" is finished, it is too late to register completion condition "OS.File: flush I/O queued before profileBeforeChange"
WARNING: addBlocker@resource://gre/modules/AsyncShutdown.sys.mjs:727:15
addBlJavaScript error: roescokuer@resourrcec:/e/g:re//m/odgulrese/A/symncoShudtduowln.esyss./mjAs, sliynen 7c27S: hErurotr:d Pohawsen ".prsofyilse-.bemfojres-c:ha5ng2e"3 i:s 2f6
addBlocikenirsh@edr, eits ios utoro claete: t/o /reggirsteer/ cmomopldetuioln ecosnd/itAiosn y"OnS.cFiSleh: ufltusdh oI/wO nqu.eusedy bsef.orme jprsof:il4eB5ef8or:eC1ha5nge"

setupShutdown@resource://grJaeva/Scmrioptd eurlroers: /reososurfcei:/l/gere//moodsulfesi/Alsyenc_Shautsdoywnn.scys_.mfjsr, olinnet 7.27j: sErmro:r:1 P5ha4se8 ":pr2of8ile-
be@forree-cshaongue"r ics efi:ni/sh/edg, rite i/s mtooo dlautel teo sre/gioster completions confdiitilone "/OSo.Fsilfe:i flle_asyusnh cI/_O fqureuoedn btef.orje sprmof:il1eB5ef6or8eC:ha1ng6e"

Ja@varScerispto eurrrorc: ere:so/ur/ceg:/r/gere//mmodouldeus/lAseynscS/huotsfile.jsm:12:30
@resodouwrnc.esy:s./mj/s,g lrinee /72m7:o Edrruorl: ePhsas/e T"perolfielem-beeftorre-ychange" is fSinitshoedr, aitg ies t.oos lyatse .tom rjegsis:te1r 0co:mp2le8tion
 c_oncdihtieonc "kOSP.eFnidlien:g Pfilnugssh@ rIe/sOo quueruecd ebe:fo/re/ pgrorfiele/BemfooredChuanlgee"s
J/avTaSecrlipet mererotr:r ryesSouercne:d//.grse/ymosdu.lems/jAssyn:cS8hu5td9ow:n.1sy7s.mj
s,s leinte u72p7:@ Errreor: Phase "profile-before-change" is finished, it is too late to register completion condition "OS.File: flush I/O queued before profileBeforeChasngoe"u
rce://gre/modules/TJeavlaSecrmipet terrroyr:S reesnoudrc.e:s//ygrse/.momdujless/:As7yn9cS9hu:td1ow8n.sy
s.smjes,t luinpe @72r7:e Esrrooru: rPhcasee :"p/ro/figler-beef/orme-ochdanugel" eiss f/inished, itT ise ltoeo mlaetet troy rSegeisntedr .cosmpylesti.onm cjonsdi:ti2on3 "7OS:.F3i0le: 
flsuseh tI/uO pquTeueedl beefmoree tprrofyil/eBtefhorieCsha.ng_e"d
eJalvaaScyriepdt Iernroir:t rTesaousrcke:<//@grre/emosduoleus/rAscynecS:hu/td/owgn.rsyes./mjms,o ldinue l72e7:s E/rrTore: lPheasme e"ptrorfiyleC-boefnorte-rchoanlgel" eisr fPinaisrheed,n itt .iss tyoos l.atme jtos r:eg8is2t4:36
oerb csomeplretvioen @corndeitsioon u"OrS.cFiele:: /fl/usgh rI/eO /qumeuoedd buefloree spr/ofAilseByefnorceCShahngue"t
down.sys.mjs:576:16

WARNING: A blocker encountered an error while we were waiting.
          Blocker:  TelemetryController: shutting down
          Phase: profile-before-change-telemetry
          State: Error getting state: Error: Phase "profile-before-change" is finished, it is too late to register completion condition "OS.File: flush I/O queued before profileBeforeChange" at addBlocker@resource://gre/modules/AsyncShutdown.sys.mjs:727:15
addBlocker@resource://gre/modules/AsyncShutdown.sys.mjs:523:26
addBlocker@resource://gre/modules/AsyncShutdown.sys.mjs:458:15
setupShutdown@resource://gre/modules/osfile/osfile_async_front.jsm:1548:28
@resource://gre/modules/osfile/osfile_async_front.jsm:1568:16
@resource://gre/modules/osfile.jsm:12:30
@resource://gre/modules/TelemetryStorage.sys.mjs:10:28
_checkPendingPings@resource://gre/modules/TelemetrySend.sys.mjs:859:17
setup@resource://gre/modules/TelemetrySend.sys.mjs:799:18
setup@resource://gre/modules/TelemetrySend.sys.mjs:237:30
setupTelemetry/this._delayedInitTask<@resource://gre/modules/TelemetryControllerParent.sys.mjs:824:36
observe@resource://gre/modules/AsyncShutdown.sys.mjs:576:16

WARNING: Error: Phase "profile-before-change" is finished, it is too late to register completion condition "OS.File: flush I/O queued before profileBeforeChange"
WARNING: addBlocker@resource://gre/modules/AsyncShutdown.sys.mjs:727:15
addBlocker@resource://gre/modules/AsyncShutdown.sys.mjs:523:26
addBlocker@resource://gre/modules/AsyncShutdown.sys.mjs:458:15
setupShutdown@resource://gre/modules/osfile/osfile_async_front.jsm:1548:28
@resource://gre/modules/osfile/osfile_async_front.jsm:1568:16
@resource://gre/modules/osfile.jsm:12:30
@resource://gre/modules/TelemetryStorage.sys.mjs:10:28
_checkPendingPings@resource://gre/modules/TelemetrySend.sys.mjs:859:17
setup@resource://gre/modules/TelemetrySend.sys.mjs:799:18
setup@resource://gre/modules/TelemetrySend.sys.mjs:237:30
setupTelemetry/this._delayedInitTask<@resource://gre/modules/TelemetryControllerParent.sys.mjs:824:36
observe@resource://gre/modules/AsyncShutdown.sys.mjs:576:16

]]></system-err>
  </testcase>
  <testcase name="Verify department sidebar options #4" classname="Retail Home Page" time="3.588">
    <system-out><![CDATA[
@Regression
Scenario Outline: Verify department sidebar options # features/Home.feature:23
 INFO [main] (HomeSteps.java:29)- Tekschool logo was displayed successfully
  Given User is on retail website                   # tek.capstone.dragons.steps.HomeSteps.userIsOnRetailWebsite()
 INFO [main] (HomeSteps.java:35)- User clicked on All section successfully
  When User click on All section                    # tek.capstone.dragons.steps.HomeSteps.userClickOnAllSection()
  And User on 'Sports'                              # tek.capstone.dragons.steps.HomeSteps.userOn(java.lang.String)
  Then below options are present in department      # tek.capstone.dragons.steps.HomeSteps.belowOptionsArePresentInDepartment(io.cucumber.datatable.DataTable)
    | 'Athletic Clothing' | 'Exercise & Fitness' |
]]></system-out>
    <system-err><![CDATA[1684907775528	geckodriver	INFO	Listening on 127.0.0.1:15973
1684907775563	mozrunner::runner	INFO	Running command: "C:\\Program Files\\Mozilla Firefox\\firefox.exe" "--marionette" "--remote-debugging-port" "20507" "--remote ... localhost:20507/,http://[::1]:20507/" "-no-remote" "-profile" "C:\\Users\\morte\\AppData\\Local\\Temp\\rust_mozprofile75vXPq"
console.warn: services.settings: Ignoring preference override of remote settings server
console.warn: services.settings: Allow by setting MOZ_REMOTE_SETTINGS_DEVTOOLS=1 in the environment
1684907775797	Marionette	INFO	Marionette enabled
Dynamically enable window occlusion 0
1684907775801	Marionette	INFO	Listening on port 4107
WebDriver BiDi listening on ws://127.0.0.1:20507
Read port: 4107
1684907776008	RemoteAgent	WARN	TLS certificate errors will be ignored for this session
[ERROR glean_core] Error setting metrics feature config: Json(Error("EOF while parsing a value", line: 1, column: 0))
DevTools listening on ws://127.0.0.1:20507/devtools/browser/39c296b9-8c12-49aa-97ec-8975a9d3b632
1684907778528	RemoteAgent	INFO	Perform WebSocket upgrade for incoming connection from 127.0.0.1:4144
1684907778530	CDP	WARN	Invalid browser preferences for CDP. Set "fission.webContentIsolationStrategy"to 0 and "fission.bfcacheInParent" to false before Firefox starts.
1684907778533	Marionette	INFO	Stopped listening on port 4107
[Child 22384, Main Thread] WARNING: JSWindowActorChild::SendRawMessage (Conduits, ConduitClosed) not sent: !CanSend() || !mManager || !mManager->CanSend(): file /builds/worker/checkouts/gecko/dom/ipc/jsactor/JSWindowActorChild.cpp:57
[Child 22384, Main Thread] WARNING: JSWindowActorChild::SendRawMessage (Conduits, ConduitClosed) not sent: !CanSend() || !mManager || !mManager->CanSend(): file /builds/worker/checkouts/gecko/dom/ipc/jsactor/JSWindowActorChild.cpp:57
[Child 22384, Main Thread] WARNING: JSWindowActorChild::SendRawMessage (Conduits, ConduitClosed) not sent: !CanSend() || !mManager || !mManager->CanSend(): file /builds/worker/checkouts/gecko/dom/ipc/jsactor/JSWindowActorChild.cpp:57
[Child 22384, Main Thread] WARNING: JSWindowActorChild::SendRawMessage (Conduits, ConduitClosed) not sent: !CanSend() || !mManager || !mManager->CanSend(): file /builds/worker/checkouts/gecko/dom/ipc/jsactor/JSWindowActorChild.cpp:57
[Child 22384, Main Thread] WARNING: JSWindowActorChild::SendRawMessage (Conduits, ConduitClosed) not sent: !CanSend() || !mManager || !mManager->CanSend(): file /builds/worker/checkouts/gecko/dom/ipc/jsactor/JSWindowActorChild.cpp:57
[Child 22384, Main Thread] WARNING: JSWindowActorChild::SendRawMessage (Conduits, ConduitClosed) not sent: !CanSend() || !mManager || !mManager->CanSend(): file /builds/worker/checkouts/gecko/dom/ipc/jsactor/JSWindowActorChild.cpp:57
[Child 22384, Main Thread] WARNING: JSWindowActorChild::SendRawMessage (Conduits, ConduitClosed) not sent: !CanSend() || !mManager || !mManager->CanSend(): file /builds/worker/checkouts/gecko/dom/ipc/jsactor/JSWindowActorChild.cpp:57
[Child 22384, Main Thread] WARNING: JSWindowActorChild::SendRawMessage (Conduits, ConduitClosed) not sent: !CanSend() || !mManager || !mManager->CanSend(): file /builds/worker/checkouts/gecko/dom/ipc/jsactor/JSWindowActorChild.cpp:57
Dynamically enable window occlusion 1
WARNING: A blocker encountered an error while we were waiting.
          Blocker:  Waiting for ping task
          Phase: TelemetryController: Waiting for pending ping activity
          State: (none)
WARNING: Error: Phase "profile-before-change" is finished, it is too late to register completion condition "OS.File: flush I/O queued before profileBeforeChange"
WARNING: addBlocker@resource://gre/modules/AsyncShutdown.sys.mjs:727:15
addBlocker@resource://gre/modules/AsyncShutdown.sys.mjs:523:26
addBlocker@resource://gre/modules/AsyncShutdown.sys.mjs:458:15
setupShutdown@resource://gre/modules/osfile/osfile_async_front.jsm:1548:28
@resource://gre/modules/osfile/osfile_async_front.jsm:1568:16
@resource://gre/modules/osfile.jsm:12:30
@resource://gre/modules/TelemetryStorage.sys.mjs:10:28
_checkPendingPings@resource://gre/modules/TelemetrySend.sys.mjs:859:17
setup@resource://gre/modules/TelemetrySend.sys.mjs:799:18
setup@resource://gre/modules/TelemetrySend.sys.mjs:237:30
setupTelemetry/this._delayedInitTask<@resource://gre/modules/TelemetryControllerParent.sys.mjs:824:36
observe@resource://gre/modules/AsyncShutdown.sys.mjs:576:16

console.error: "TelemetryScheduler.shutdown - Already shut down"
WARNING: A blocker encountered an error while we were waiting.
          Blocker:  Waiting for ping task
          Phase: TelemetryController: Waiting for pending ping activity
          State: (none)
WARNING: Error: Phase "profile-before-change" is finished, it is too late to register completion condition "OS.File: flush I/O queued before profileBeforeChange"
WARNING: addBlocker@resource://gre/modules/AsyncShutdown.sys.mjs:727:15
addBlocker@resource://gre/modules/AsyncShutdown.sys.mjs:523:26
addBlocker@resource://gre/modules/AsyncShutdown.sys.mjs:458:15
setupShutdown@resource://gre/modules/osfile/osfile_async_front.jsm:1548:28
@resource://gre/modules/osfile/osfile_async_front.jsm:1568:16
@resource://gre/modules/osfile.jsm:12:30
@resource://gre/modules/TelemetryStorage.sys.mjs:10:28
_checkPendingPings@resource://gre/modules/TelemetrySend.sys.mjs:859:17
setup@resource://gre/modules/TelemetrySend.sys.mjs:799:18
setup@resource://gre/modules/TelemetrySend.sys.mjs:237:30
setupTelemetry/this._delayedInitTask<@resource://gre/modules/TelemetryControllerParent.sys.mjs:824:36
observe@resource://gre/modules/AsyncShutdown.sys.mjs:576:16

WARNING: A blocker encountered an error while we were waiting.
          Blocker:  Waiting for ping Jtasakv
a S c r i  p t    ePrhraosre::  TreelsemoeutrrcyeC:on/t/rgorlel/erm:o dWualietsin/gA sfyonrc Spehnudtindgo wpni.ngs yasct.imvjist,y 
l i  n e    7 2  7S:t atEer:r o(nro:n eP)ha
sWAeR N"IpNrGo: fEirrolre:- bPehfaosree -"cphraonfgiel"e -ibse ffoirnei-schheadn,g ei"t  iiss  ftinoios hleadt,e i tt oi sr etogoi sltaetre  ctoom rpelgeisttieorn  ccomopnldeittiioonn co n"dOiSt.iFoni l"eO:S. Ffillues:h  fIl/uOs h qIu/eO uqeuedu ebd ebfefoorree profil epBreoffoirleeChBaenfgoer"eCh
ange"
WARNING: addBlocker@resource://gre/moduJlaevsa/ASscynrciSphtu tdeorwrno.rsy:s .rmejss:o7u2r7c:e15:/
/agdrdeB/lomcokdeurl@erses/oAusrycne:c/S/hgurted/omowdnu.lseyss/.Amsjynsc,S hultidnoewn .7s2y7s:.m jEsr:5r2o3r::2 6P
haadsdeB l"ocpkreor@frielseo-ubrecfeo:r/e/g-rceh/amnodguel" is finished, eist/Async isShu toot dlowan.tsyes. mjts:o45 8:r15e
gseituspSthuetdrow n@creosomurpcel:/e/gtrei/moodnul ecso/onsfdilie/tosifiolen_a sy"nOc_Sfr.onFt.ijslm:e1548:28
@resource://gr:e/modu lflusesh/os fiIle//osOfil e_aqsynuc_ferount.ejsmd:1 568b:16ef
@orerseou rpcer:/o/gfrei/mlodeulBese/ofsfoirlee.jCsmh:1a2:n30g
e@r"eso
uJrcae:v/a/gSrec/rmoidpulte s/eTerlremoetrryS:tor agre.seyss.mjos:u10:r28c
_eche:ckP/end/inggPirngse@r/esomurcoe:d//gure/lmodeulses//TeAlemsetryySnendc.sySs.hmjsu:8t59:1d7o
sewtupn@r.esys.mjs, line 727: Error: Phase "profile-before-change" is finished, it is too late to register completion condition "OS.File: flush I/O queued before profilseourBcee://fgroe/mrodueleCs/TheleamentrygSeend."sys.mj
s:J799a:18v
asetSupc@rersoiurcpe:t//g ree/mordulres/oTelrem:etr ySernde.syss.mojsu:23r7:c30e
se:tu//grpeTel/emmetroy/dthius.l_deelasyed/InAitsTasyk<n@recsoSurhce:u//tgred/mooduwlesn/Te.lemsetryyCosnt.romllejrPasre,nt. syls.mijsn:82e4:3 67
ob2se7rve:@re souErcre:/r/groe/rmod:ul es/PAsyhncShautdsowne.sy s.m"js:p57r6:1o6f

iWARlNINeG-: Ab eblfocokrere en-cocunhatenregd ean "e rris finished, ito is toor  lawthe toi rleegi wsteer  cwomeprlee tiwoani ctoinndgi.tio
n  " OS .F i l e:  fl u s h BIl/Oo cqkueeur:ed   beTfeorlee pmreoftirlyeBCefoonretCrhoalngle"e
rJ:av asShcruitptti ernrgor :d orewsnou
r c e : // g re / m od uPlheass/eA:sy npcrSohfuitdleo-wbn.esfyos.rmej-s,c hlainneg e72-7t: eElrermore:t Prhase "profile-before-ych
a ng e "  i s   f i n iSshtead,t ei:t  iEsr trooor l agteet ttoi rnegg issttera tcoem:p leEtriorno cro:ndi Pthioasn e" O"S.pFriolef:i fllues-h bIe/fOo rquee-ucedh abenfgoere"  pirosf iflienBiesfhoerdeC,h aintge "is
J tavoaoS clriaptte e rtroor :r reegsiosurtceer: /c/gormep/mlodules/AsyncShutdowne.styiso.mnj sc,o lnidnie ti7o2n7 :" OErSr.oFri:l Peh:a sfel u"sphr oIf/iOl eq-bueefuoered-c hbaenfgeo"r ei profileBeforeChange" at addBlocker@sr feisnoisuhredce://,g riet/ miso dtouol least/eA styon crSehguitsdtoewrn .csomypsl.emtijosn: c7o2nd7i:t1io5n "
OaS.dFdiBlle:o cfkleursh@ rIe/Os oquureuce:e//dg rbeef/ormeo pdroufilleeBse/foAresChyanngce"S
hutdown.sys.mjs:523:26
addBlocker@resource://gre/modules/AsyncShutdown.sys.mjs:458:15
setupShutdown@resource://gre/modules/osfile/osfile_async_front.jsm:1548:28
@resource://gre/modules/osfile/osfile_async_front.jsm:1568:16
@resource://gre/modules/osfile.jsm:12:30
@resource://gre/modules/TelemetryStorage.sys.mjs:10:28
_checkPendingPings@resource://gre/modules/TelemetrySend.sys.mjs:859:17
setup@resource://gre/modules/TelemetrySend.sys.mjs:799:18
setup@resource://gre/modules/TelemetrySend.sys.mjs:237:30
setupTelemetry/this._delayedInitTask<@resource://gre/modules/TelemetryControllerParent.sys.mjs:824:36
observe@resource://gre/modules/AsyncShutdown.sys.mjs:576:16

WARNING: Error: Phase "profile-before-change" is finished, it is too late to register completion condition "OS.File: flush I/O queued before profileBeforeChange"
WARNING: addBlocker@resource://gre/modules/AsyncShutdown.sys.mjs:727:15
addBlocker@resource://gre/modules/AsyncShutdown.sys.mjs:523:26
addBlocker@resource://gre/modules/AsyncShutdown.sys.mjs:458:15
setupShutdown@resource://gre/modules/osfile/osfile_async_front.jsm:1548:28
@resource://gre/modules/osfile/osfile_async_front.jsm:1568:16
@resource://gre/modules/osfile.jsm:12:30
@resource://gre/modules/TelemetryStorage.sys.mjs:10:28
_checkPendingPings@resource://gre/modules/TelemetrySend.sys.mjs:859:17
setup@resource://gre/modules/TelemetrySend.sys.mjs:799:18
setup@resource://gre/modules/TelemetrySend.sys.mjs:237:30
setupTelemetry/this._delayedInitTask<@resource://gre/modules/TelemetryControllerParent.sys.mjs:824:36
observe@resource://gre/modules/AsyncShutdown.sys.mjs:576:16

]]></system-err>
  </testcase>
  <testcase name="Verify department sidebar options #5" classname="Retail Home Page" time="3.629">
    <system-out><![CDATA[
@Regression
Scenario Outline: Verify department sidebar options # features/Home.feature:24
 INFO [main] (HomeSteps.java:29)- Tekschool logo was displayed successfully
  Given User is on retail website                   # tek.capstone.dragons.steps.HomeSteps.userIsOnRetailWebsite()
 INFO [main] (HomeSteps.java:35)- User clicked on All section successfully
  When User click on All section                    # tek.capstone.dragons.steps.HomeSteps.userClickOnAllSection()
  And User on 'Automotive'                          # tek.capstone.dragons.steps.HomeSteps.userOn(java.lang.String)
  Then below options are present in department      # tek.capstone.dragons.steps.HomeSteps.belowOptionsArePresentInDepartment(io.cucumber.datatable.DataTable)
    | 'Automative Parts & Accessories' | 'MotorCycle & Powersports' |
]]></system-out>
    <system-err><![CDATA[1684907779109	geckodriver	INFO	Listening on 127.0.0.1:12279
1684907779149	mozrunner::runner	INFO	Running command: "C:\\Program Files\\Mozilla Firefox\\firefox.exe" "--marionette" "--remote-debugging-port" "29213" "--remote ... localhost:29213/,http://[::1]:29213/" "-no-remote" "-profile" "C:\\Users\\morte\\AppData\\Local\\Temp\\rust_mozprofilerxFyij"
console.warn: services.settings: Ignoring preference override of remote settings server
console.warn: services.settings: Allow by setting MOZ_REMOTE_SETTINGS_DEVTOOLS=1 in the environment
1684907779380	Marionette	INFO	Marionette enabled
Dynamically enable window occlusion 0
1684907779384	Marionette	INFO	Listening on port 4151
WebDriver BiDi listening on ws://127.0.0.1:29213
Read port: 4151
1684907779581	RemoteAgent	WARN	TLS certificate errors will be ignored for this session
[ERROR glean_core] Error setting metrics feature config: Json(Error("EOF while parsing a value", line: 1, column: 0))
DevTools listening on ws://127.0.0.1:29213/devtools/browser/b5bb9558-0abd-4efa-812b-f51498bc7362
1684907782036	RemoteAgent	INFO	Perform WebSocket upgrade for incoming connection from 127.0.0.1:4190
1684907782037	CDP	WARN	Invalid browser preferences for CDP. Set "fission.webContentIsolationStrategy"to 0 and "fission.bfcacheInParent" to false before Firefox starts.
1684907782041	Marionette	INFO	Stopped listening on port 4151
[Child 23324, Main Thread] WARNING: JSWindowActorChild::SendRawMessage (Conduits, ConduitClosed) not sent: !CanSend() || !mManager || !mManager->CanSend(): file /builds/worker/checkouts/gecko/dom/ipc/jsactor/JSWindowActorChild.cpp:57
[Child 23324, Main Thread] WARNING: JSWindowActorChild::SendRawMessage (Conduits, ConduitClosed) not sent: !CanSend() || !mManager || !mManager->CanSend(): file /builds/worker/checkouts/gecko/dom/ipc/jsactor/JSWindowActorChild.cpp:57
[Child 23324, Main Thread] WARNING: JSWindowActorChild::SendRawMessage (Conduits, ConduitClosed) not sent: !CanSend() || !mManager || !mManager->CanSend(): file /builds/worker/checkouts/gecko/dom/ipc/jsactor/JSWindowActorChild.cpp:57
[Child 23324, Main Thread] WARNING: JSWindowActorChild::SendRawMessage (Conduits, ConduitClosed) not sent: !CanSend() || !mManager || !mManager->CanSend(): file /builds/worker/checkouts/gecko/dom/ipc/jsactor/JSWindowActorChild.cpp:57
[Child 23324, Main Thread] WARNING: JSWindowActorChild::SendRawMessage (Conduits, ConduitClosed) not sent: !CanSend() || !mManager || !mManager->CanSend(): file /builds/worker/checkouts/gecko/dom/ipc/jsactor/JSWindowActorChild.cpp:57
[Child 23324, Main Thread] WARNING: JSWindowActorChild::SendRawMessage (Conduits, ConduitClosed) not sent: !CanSend() || !mManager || !mManager->CanSend(): file /builds/worker/checkouts/gecko/dom/ipc/jsactor/JSWindowActorChild.cpp:57
[Child 23324, Main Thread] WARNING: JSWindowActorChild::SendRawMessage (Conduits, ConduitClosed) not sent: !CanSend() || !mManager || !mManager->CanSend(): file /builds/worker/checkouts/gecko/dom/ipc/jsactor/JSWindowActorChild.cpp:57
[Child 23324, Main Thread] WARNING: JSWindowActorChild::SendRawMessage (Conduits, ConduitClosed) not sent: !CanSend() || !mManager || !mManager->CanSend(): file /builds/worker/checkouts/gecko/dom/ipc/jsactor/JSWindowActorChild.cpp:57
Dynamically enable window occlusion 1
WARNING: A blocker encountered an error while we were waiting.
          Blocker:  Waiting for ping task
          Phase: TelemetryController: Waiting for pending ping activity
          State: (none)
WARNING: Error: Phase "profile-before-change" is finished, it is too late to register completion condition "OS.File: flush I/O queued before profileBeforeChange"
WARNING: addBlocker@resource://gre/modules/AsyncShutdown.sys.mjs:727:15
addBlocker@resource://gre/modules/AsyncShutdown.sys.mjs:523:26
addBlocker@resource://gre/modules/AsyncShutdown.sys.mjs:458:15
setupShutdown@resource://gre/modules/osfile/osfile_async_front.jsm:1548:28
@resource://gre/modules/osfile/osfile_async_front.jsm:1568:16
@resource://gre/modules/osfile.jsm:12:30
@resource://gre/modules/TelemetryStorage.sys.mjs:10:28
_checkPendingPings@resource://gre/modules/TelemetrySend.sys.mjs:859:17
setup@resource://gre/modules/TelemetrySend.sys.mjs:799:18
setup@resource://gre/modules/TelemetrySend.sys.mjs:237:30
setupTelemetry/this._delayedInitTask<@resource://gre/modules/TelemetryControllerParent.sys.mjs:824:36
observe@resource://gre/modules/AsyncShutdown.sys.mjs:576:16

console.error: "TelemetryScheduler.shutdown - Already shut down"
WARNING: A blocker encountered an error while we were waiting.
          Blocker:  Waiting for ping task
          Phase: TelemetryController: Waiting for pending ping activity
          State: (none)
WARNING: Error: Phase "profile-before-change" is finished, it is too late to register completion condition "OS.File: flush I/O queued before profileBeforeChange"
WARNING: addBlocker@resource://gre/modules/AsyncShutdown.sys.mjs:727:15
addBlocker@resource://gre/modules/AsyncShutdown.sys.mjs:523:26
addBlocker@resource://gre/modules/AsyncShutdown.sys.mjs:458:15
setupShutdown@resource://gre/modules/osfile/osfile_async_front.jsm:1548:28
@resource://gre/modules/osfile/osfile_async_front.jsm:1568:16
@resource://gre/modules/osfile.jsm:12:30
@resource://gre/modules/TelemetryStorage.sys.mjs:10:28
_checkPendingPings@resource://gre/modules/TelemetrySend.sys.mjs:859:17
setup@resource://gre/modules/TelemetrySend.sys.mjs:799:18
setup@resource://gre/modules/TelemetrySend.sys.mjs:237:30
setupTelemetry/this._delayedInitTask<@resource://gre/modules/TelemetryControllerParent.sys.mjs:824:36
observe@resource://gre/modules/AsyncShutdown.sys.mjs:576:16

WARNING: A blocker encountered an error while we were waiting.
          Blocker:  Waiting for ping tasJk
 a v a S c r i p t  Pehrarseo:r:  Treelseomuertcer:y/C/ognrter/omloldeurl:e sW/AasiytnicnSgh uftdoorw np.esnydsi.nmgj sp,i nlgin ea c7t2i7v:i tEyrr
o r :   P h a s e   "Sptraotfei:l e(-bneofnoer)e-
cWhAaRnNgIeN"G :i sE rfrionri:s hPehda,s ei t" pirso ftioloe -lbaetfeo rteo- crheagnigset"er  icso mfpilneitsihoen dc,o nidti tiiso nt o"oO Sl.aFtilee :t of lreugsihs tIe/rO  cqoumepuleedt iboenf ocroen dpirtoifoinl e"BOeSfo.rFeiClhea:n gfel"u
sh I/O queued before profileBeforeChJaanvgaeS"cri
ptWARNING: addBl ocekrreorr@:r erseosuorucrec:e/://g/rgree//mmoodduulleess//AAssyynnccSShhuuttddoowwnn..ssyyss..mmjjss,: 7l2i7n:e1 572
7a:d EdrBrloorc:k ePrh@arsees o"uprrcoef:i/l/eg-rbee/fmoroed-uclheansg/eA"s yinsc Sfhiuntidsohwend.,s yist .imsj st:o5o2 3l:a2t6e 
taod drBelgoicskteerr@ rceosmopulrectei:o/n/ gcroned/imtoidounl e"sO/SA.sFyinlceS:h ufltudsohw nI./sOy sq.umejused: 4b5e8f:o1r5e 
psreotfiulpeSBheuftodroewCnh@arnegseo"ur
cJeavaScri:pt e/rr/ogrr:e /rmeosdouulrecse/:o/s/fgirlee//moosdfuilelse/_AassyynnccS_hfurtodnotw.nj.ssyms:.1m5js4,8 :l2i8ne
 @7r2e7s:o uErrcreo:r/:/ gPrhea/smeo d"uplreosf/iolsef-ibelfeo/roes-fcihlaen_gae"s yinsc _ffirnoinsth.ejds,m :i1t5 6i8s: 1t6oo
 @lraetes otuor cree:g/i/sgtreer/ mcoodmuplleest/ioosnf icloend.ijtsimo:n1 2":OS3.0Fil
e@:r efslouusrhc Ie/:O/ /qgureuee/dm obdeufloerse/ pTreolfeimleetBreyfSotroerCahganeg.es"ys
.Jmajvsa:S1crip0t: e2r8ro
r_:c hreecskoPuerncdei:n/g/gPrien/mgodsu@lreess/oAsuyrncceS:h/u/tgdrowen/.msoydsu.lmejss/,T ellienmee t7r2y7S:e nEdr.rsoyrs:. mPjhsa:s8e5 9":p1r7of
isleet-ubpe@froere-change" is finished, it is too late to register completion condition "OS.File: flush I/O queued before profileBeforeChange"
JavaScript error: resource://gre/modules/AsyncShutdown.sys.mjs, line 727: Error: Phase "profile-before-change" issou firncies:h/ed/,gr e/itmo diuls toeos /lTaetleem etto rryeSgeistenr dc.osmypsl.emtijs:799:18o
sne ctounpd@irteisoon u"rOcSe.:Fi/l/eg:r ef/lmuoshd uIl/eOs /qTueelueemdet rbyeSfeorned .psryosf.imljesB:e2f3o7r:e3C0ha
nsgeet"up
TJealvemetry/atShcirisp.t_ deerlraoyr:e drIensiotuTracsek:</@/rgerseo/umrocdeu:l/e/sg/rAes/ymnocdSuhluetsd/oTwenl.esmyest.rmyjCso, nltirnoel l7e2r7P:a rErernotr.:s yPsh.amsjes :"8p2r4o:f3i6le
-obbesfeorrvee-@crheasnoguer"c ei://gre/modules/AsyncShutdowns. sfyisn.imsjhse:d5, 7i6t: 1i6s 
too
 WlAaRteN ItNoG :r eAgi sbtleorc kceorm pelentciooun nctoenrdeidt iaonn  e"OrSr.oFri lew:h ifllues hw eI /wOe rqeu ewuaedi tbiefng.
          Blocker:  Teloermee profitlreyBCeofnotrreoClhlaenrg:e "sh
utting down
          Phase: profile-before-change-telemetry
          State: Error getting state: Error: Phase "profile-before-change" is finished, it is too late to register completion condition "OS.File: flush I/O queued before profileBeforeChange" at addBlocker@resource://gre/modules/AsyncShutdown.sys.mjs:727:15
addBlocker@resource://gre/modules/AsyncShutdown.sys.mjs:523:26
addBlocker@resource://gre/modules/AsyncShutdown.sys.mjs:458:15
setupShutdown@resource://gre/modules/osfile/osfile_async_front.jsm:1548:28
@resource://gre/modules/osfile/osfile_async_front.jsm:1568:16
@resource://gre/modules/osfile.jsm:12:30
@resource://gre/modules/TelemetryStorage.sys.mjs:10:28
_checkPendingPings@resource://gre/modules/TelemetrySend.sys.mjs:859:17
setup@resource://gre/modules/TelemetrySend.sys.mjs:799:18
setup@resource://gre/modules/TelemetrySend.sys.mjs:237:30
setupTelemetry/this._delayedInitTask<@resource://gre/modules/TelemetryControllerParent.sys.mjs:824:36
observe@resource://gre/modules/AsyncShutdown.sys.mjs:576:16

WARNING: Error: Phase "profile-before-change" is finished, it is too late to register completion condition "OS.File: flush I/O queued before profileBeforeChange"
WARNING: addBlocker@resource://gre/modules/AsyncShutdown.sys.mjs:727:15
addBlocker@resource://gre/modules/AsyncShutdown.sys.mjs:523:26
addBlocker@resource://gre/modules/AsyncShutdown.sys.mjs:458:15
setupShutdown@resource://gre/modules/osfile/osfile_async_front.jsm:1548:28
@resource://gre/modules/osfile/osfile_async_front.jsm:1568:16
@resource://gre/modules/osfile.jsm:12:30
@resource://gre/modules/TelemetryStorage.sys.mjs:10:28
_checkPendingPings@resource://gre/modules/TelemetrySend.sys.mjs:859:17
setup@resource://gre/modules/TelemetrySend.sys.mjs:799:18
setup@resource://gre/modules/TelemetrySend.sys.mjs:237:30
setupTelemetry/this._delayedInitTask<@resource://gre/modules/TelemetryControllerParent.sys.mjs:824:36
observe@resource://gre/modules/AsyncShutdown.sys.mjs:576:16

]]></system-err>
  </testcase>
  <testcase name="Verify User can update Profile Information" classname="Retail Account Page" time="5.558">
    <system-out><![CDATA[
@Regression
Scenario: Verify User can update Profile Information                        # features/RetailAccount.feature:11
 INFO [main] (HomeSteps.java:29)- Tekschool logo was displayed successfully
  Given User is on retail website                                           # tek.capstone.dragons.steps.HomeSteps.userIsOnRetailWebsite()
 INFO [main] (SignInSteps.java:20)- User clicked on signin button successfully
  When User click on Sign in option                                         # tek.capstone.dragons.steps.SignInSteps.userClickOnSignInOption()
 INFO [main] (SignInSteps.java:27)- User enterd email and password successfully
  And User enter email 'studentMori1265@gmail.com' and password 'Tek@12345' # tek.capstone.dragons.steps.SignInSteps.userEnterEmailAndPassword(java.lang.String,java.lang.String)
 INFO [main] (SignInSteps.java:34)- user clicked on login button successfully
  And User click on login button                                            # tek.capstone.dragons.steps.SignInSteps.userClickOnLoginButton()
 INFO [main] (SignInSteps.java:43)-  user logged in successfully
  And User should be logged in into Account                                 # tek.capstone.dragons.steps.SignInSteps.userShouldBeLoggedInIntoAccount()
 INFO [main] (RetailAccountSteps.java:23)- User clicked on Account Option successfully
  When User click on Account option                                         # tek.capstone.dragons.steps.RetailAccountSteps.userClickOnAccountOption()
 INFO [main] (RetailAccountSteps.java:32)- User updated Motaaazaa successfully
 INFO [main] (RetailAccountSteps.java:37)- User updated 3201460010 number successfully
  And User update Name 'Motaaazaa' and Phone '3201460010'                   # tek.capstone.dragons.steps.RetailAccountSteps.userUpdateNameAndPhone(java.lang.String,java.lang.String)
 INFO [main] (RetailAccountSteps.java:43)- User clicked on update button successfully
  And User click on Update button                                           # tek.capstone.dragons.steps.RetailAccountSteps.userClickOnUpdateButton()
 INFO [main] (RetailAccountSteps.java:50)- User profile information updated successfully
  Then user profile information should be updated                           # tek.capstone.dragons.steps.RetailAccountSteps.userProfileInformationShouldBeUpdated()
]]></system-out>
    <system-err><![CDATA[1684907782743	geckodriver	INFO	Listening on 127.0.0.1:20963
1684907782779	mozrunner::runner	INFO	Running command: "C:\\Program Files\\Mozilla Firefox\\firefox.exe" "--marionette" "--remote-debugging-port" "28459" "--remote ... localhost:28459/,http://[::1]:28459/" "-no-remote" "-profile" "C:\\Users\\morte\\AppData\\Local\\Temp\\rust_mozprofileIN8DM1"
console.warn: services.settings: Ignoring preference override of remote settings server
console.warn: services.settings: Allow by setting MOZ_REMOTE_SETTINGS_DEVTOOLS=1 in the environment
1684907783012	Marionette	INFO	Marionette enabled
Dynamically enable window occlusion 0
1684907783015	Marionette	INFO	Listening on port 4197
WebDriver BiDi listening on ws://127.0.0.1:28459
Read port: 4197
1684907783219	RemoteAgent	WARN	TLS certificate errors will be ignored for this session
[ERROR glean_core] Error setting metrics feature config: Json(Error("EOF while parsing a value", line: 1, column: 0))
DevTools listening on ws://127.0.0.1:28459/devtools/browser/cc4f481d-66e9-4bef-b65f-66a20d59bc29
console.warn: LoginRecipes: "Falling back to a synchronous message for: https://tek-retail-ui.azurewebsites.net."
console.warn: LoginRecipes: "Falling back to a synchronous message for: https://tek-retail-ui.azurewebsites.net."
1684907787689	RemoteAgent	INFO	Perform WebSocket upgrade for incoming connection from 127.0.0.1:4245
1684907787691	CDP	WARN	Invalid browser preferences for CDP. Set "fission.webContentIsolationStrategy"to 0 and "fission.bfcacheInParent" to false before Firefox starts.
1684907787693	Marionette	INFO	Stopped listening on port 4197
[Child 44584, Main Thread] WARNING: JSWindowActorChild::SendRawMessage (Conduits, ConduitClosed) not sent: !CanSend() || !mManager || !mManager->CanSend(): file /builds/worker/checkouts/gecko/dom/ipc/jsactor/JSWindowActorChild.cpp:57
[Child 44584, Main Thread] WARNING: JSWindowActorChild::SendRawMessage (Conduits, ConduitClosed) not sent: !CanSend() || !mManager || !mManager->CanSend(): file /builds/worker/checkouts/gecko/dom/ipc/jsactor/JSWindowActorChild.cpp:57
[Child 44584, Main Thread] WARNING: JSWindowActorChild::SendRawMessage (Conduits, ConduitClosed) not sent: !CanSend() || !mManager || !mManager->CanSend(): file /builds/worker/checkouts/gecko/dom/ipc/jsactor/JSWindowActorChild.cpp:57
[Child 44584, Main Thread] WARNING: JSWindowActorChild::SendRawMessage (Conduits, ConduitClosed) not sent: !CanSend() || !mManager || !mManager->CanSend(): file /builds/worker/checkouts/gecko/dom/ipc/jsactor/JSWindowActorChild.cpp:57
[Child 44584, Main Thread] WARNING: JSWindowActorChild::SendRawMessage (Conduits, ConduitClosed) not sent: !CanSend() || !mManager || !mManager->CanSend(): file /builds/worker/checkouts/gecko/dom/ipc/jsactor/JSWindowActorChild.cpp:57
[Child 44584, Main Thread] WARNING: JSWindowActorChild::SendRawMessage (Conduits, ConduitClosed) not sent: !CanSend() || !mManager || !mManager->CanSend(): file /builds/worker/checkouts/gecko/dom/ipc/jsactor/JSWindowActorChild.cpp:57
[Child 44584, Main Thread] WARNING: JSWindowActorChild::SendRawMessage (Conduits, ConduitClosed) not sent: !CanSend() || !mManager || !mManager->CanSend(): file /builds/worker/checkouts/gecko/dom/ipc/jsactor/JSWindowActorChild.cpp:57
[Child 44584, Main Thread] WARNING: JSWindowActorChild::SendRawMessage (Conduits, ConduitClosed) not sent: !CanSend() || !mManager || !mManager->CanSend(): file /builds/worker/checkouts/gecko/dom/ipc/jsactor/JSWindowActorChild.cpp:57
Dynamically enable window occlusion 1
WARNING: A blocker encountered an error while we were waiting.
          Blocker:  Waiting for ping task
          Phase: TelemetryController: Waiting for pending ping activity
          State: (none)
WARNING: Error: Phase "profile-before-change" is finished, it is too late to register completion condition "OS.File: flush I/O queued before profileBeforeChange"
WARNING: addBlocker@resource://gre/modules/AsyncShutdown.sys.mjs:727:15
addBlocker@resource://gre/modules/AsyncShutdown.sys.mjs:523:26
addBlocker@resource://gre/modules/AsyncShutdown.sys.mjs:458:15
setupShutdown@resource://gre/modules/osfile/osfile_async_front.jsm:1548:28
@resource://gre/modules/osfile/osfile_async_front.jsm:1568:16
@resource://gre/modules/osfile.jsm:12:30
@resource://gre/modules/TelemetryStorage.sys.mjs:10:28
_checkPendingPings@resource://gre/modules/TelemetrySend.sys.mjs:859:17
setup@resource://gre/modules/TelemetrySend.sys.mjs:799:18
setup@resource://gre/modules/TelemetrySend.sys.mjs:237:30
setupTelemetry/this._delayedInitTask<@resource://gre/modules/TelemetryControllerParent.sys.mjs:824:36
observe@resource://gre/modules/AsyncShutdown.sys.mjs:576:16

console.error: "TelemetryScheduler.shutdown - Already shut down"
WARNING: A blocker encountered an error while we were waiting.
          Blocker:  Waiting for ping task
          Phase: TelemetryController: Waiting for pending ping activity
          State: (none)
WARNING: Error: Phase "profile-before-change" is finished, it is too late to register completion condition "OS.File: flush I/O queued before profileBeforeChange"
WARNING: addBlocker@resource://gre/modules/AsyncShutdown.sys.mjs:727:15
addBlocker@resource://gre/modules/AsyncShutdown.sys.mjs:523:26
addBlocker@resource://gre/modules/AsyncShutdown.sys.mjs:458:15
setupShutdown@resource://gre/modules/osfile/osfile_async_front.jsm:1548:28
@resource://gre/modules/osfile/osfile_async_front.jsm:1568:16
@resource://gre/modules/osfile.jsm:12:30
@resource://gre/modules/TelemetryStorage.sys.mjs:10:28
_checkPendingPings@resource://gre/modules/TelemetrySend.sys.mjs:859:17
setup@resource://gre/modules/TelemetrySend.sys.mjs:799:18
setup@resource://gre/modules/TelemetrySend.sys.mjs:237:30
setupTelemetry/this._delayedInitTask<@resource://gre/modules/TelemetryControllerParent.sys.mjs:824:36
observe@resource://gre/modules/AsyncShutdown.sys.mjs:576:16

WARNING: A blocker encountered an error while we were waiting.
          Blocker:  Waiting for ping task
          Phase: TelemetryController: Waiting for pending ping activity
          State: (none)
WARNING: Error: Phase "profile-before-change" is finished, it is too late to register completion condition "OS.File: flush I/O queued before profileBeforeChange"
WARNING: addBlocker@resource://gre/modules/AsyncShutdown.sys.mjs:727:15
addBlocker@resource://gre/modules/AsyncShutdown.sys.mjs:523:26
addBlocker@resource://gre/modules/AsyncShutdown.sys.mjs:458:15
setupShutdown@resource://gre/modules/osfile/osfile_async_front.jsm:1548:28
@resource://gre/modules/osfile/osfile_async_front.jsm:1568:16
@resource://gre/modules/osfile.jsm:12:30
@resource://gre/modules/TelemetryStorage.sys.mjs:10:28
_checkPendingPings@resource://gre/modules/TelemetrySend.sys.mjs:859:17
setup@resource://gre/modules/TelemetrySend.sys.mjs:799:18
setup@resource://gre/modules/TelemetrySend.sys.mjs:237:30
setupTelemetry/this._delayedInitTask<@resource://gre/modules/TelemetryControllerParent.sys.mjs:824:36
observe@resource://gre/modules/AsyncShutdown.sys.mjs:576:16

WARNING: A blocker encountered an error while we were waiting.
          Blocker:  TelemetryController: shutting down
          Phase: profile-before-change-telemetry
          State: Error getting state: Error: Phase "profile-before-change" is finished, it is too late to register completion condition "OS.File: flush I/O queued before profileBeforeChange" at addBlocker@resource://gre/modules/AsyncShutdown.sys.mjs:727:15
addBlocker@resource://gre/modules/AsyncShutdown.sys.mjs:523:26
addBlocker@resource://gre/modules/AsyncShutdown.sys.mjs:458:15
setupShutdown@resource://gre/modules/osfile/osfile_async_front.jsm:1548:28
@resource://gre/modules/osfile/osfile_async_front.jsm:1568:16
@resource://gre/modules/osfile.jsm:12:30
@resource://gre/modules/TelemetryStorage.sys.mjs:10:28
_checkPendingPings@resource://gre/modules/TelemetrySend.sys.mjs:859:17
setup@resource://gre/modules/TelemetrySend.sys.mjs:799:18
setup@resource://gre/modules/TelemetrySend.sys.mjs:237:30
setupTelemetry/this._delayedInitTask<@resource://gre/modules/TelemetryControllerParent.sys.mjs:824:36
observe@resource://gre/modules/AsyncShutdown.sys.mjs:576:16

WARNING: Error: Phase "profile-before-change" is finished, it is too late to register completion condition "OS.File: flush I/O queued before profileBeforeChange"
WARNING: addBlocker@resource://gre/modules/AsyncShutdown.sys.mjs:727:15
addBlocker@resource://gre/modules/AsyncShutdown.sys.mjs:523:26
addBlocker@resource://gre/modules/AsyncShutdown.sys.mjs:458:15
setupShutdown@resource://gre/modules/osfile/osfile_async_front.jsm:1548:28
@resource://gre/modules/osfile/osfile_async_front.jsm:1568:16
[...]
[Child 44412, Main Thread] WARNING: JSWindowActorChild::SendRawMessage (Conduits, ConduitClosed) not sent: !CanSend() || !mManager || !mManager->CanSend(): file /builds/worker/checkouts/gecko/dom/ipc/jsactor/JSWindowActorChild.cpp:57
Dynamically enable window occlusion 1
WARNING: A blocker encountered an error while we were waiting.
          Blocker:  Waiting for ping task
          Phase: TelemetryController: Waiting for pending ping activity
          State: (none)
WARNING: Error: Phase "profile-before-change" is finished, it is too late to register completion condition "OS.File: flush I/O queued before profileBeforeChange"
WARNING: addBlocker@resource://gre/modules/AsyncShutdown.sys.mjs:727:15
addBlocker@resource://gre/modules/AsyncShutdown.sys.mjs:523:26
addBlocker@resource://gre/modules/AsyncShutdown.sys.mjs:458:15
setupShutdown@resource://gre/modules/osfile/osfile_async_front.jsm:1548:28
@resource://gre/modules/osfile/osfile_async_front.jsm:1568:16
@resource://gre/modules/osfile.jsm:12:30
@resource://gre/modules/TelemetryStorage.sys.mjs:10:28
_checkPendingPings@resource://gre/modules/TelemetrySend.sys.mjs:859:17
setup@resource://gre/modules/TelemetrySend.sys.mjs:799:18
setup@resource://gre/modules/TelemetrySend.sys.mjs:237:30
setupTelemetry/this._delayedInitTask<@resource://gre/modules/TelemetryControllerParent.sys.mjs:824:36
observe@resource://gre/modules/AsyncShutdown.sys.mjs:576:16

console.error: "TelemetryScheduler.shutdown - Already shut down"
WARNING: A blocker encountered an error while we were waiting.
          Blocker:  Waiting for ping task
          Phase: TelemetryController: Waiting for pending ping activity
          State: (none)
WARNING: Error: Phase "profile-before-change" is finished, it is too late to register completion condition "OS.File: flush I/O queued before profileBeforeChange"
WARNING: addBlocker@resource://gre/modules/AsyncShutdown.sys.mjs:727:15
addBlocker@resource://gre/modules/AsyncShutdown.sys.mjs:523:26
addBlocker@resource://gre/modules/AsyncShutdown.sys.mjs:458:15
setupShutdown@resource://gre/modules/osfile/osfile_async_front.jsm:1548:28
@resource://gre/modules/osfile/osfile_async_front.jsm:1568:16
@resource://gre/modules/osfile.jsm:12:30
@resource://gre/modules/TelemetryStorage.sys.mjs:10:28
_checkPendingPings@resource://gre/modules/TelemetrySend.sys.mjs:859:17
setup@resource://gre/modules/TelemetrySend.sys.mjs:799:18
setup@resource://gre/modules/TelemetrySend.sys.mjs:237:30
setupTelemetry/this._delayedInitTask<@resource://gre/modules/TelemetryControllerParent.sys.mjs:824:36
observe@resource://gre/modules/AsyncShutdown.sys.mjs:576:16

WARNING: A blocker encountered an error while we were waiting.
          Blocker:  Waiting for ping task
          Phase: TelemetryController: Waiting for pending ping activity
          State: (none)
WARNING: Error: Phase "profile-before-change" is finished, it is too late to register completion condition "OS.File: flush I/O queued before profileBeforeChange"
WARNING: addBlocker@resource://gre/modules/AsyncShutdown.sys.mjs:727:15
addBlocker@resource://gre/modules/AsyncShutdown.sys.mjs:523:26
addBlocker@resource://gre/modules/AsyncShutdown.sys.mjs:458:15
setupShutdown@resource://gre/modules/osfile/osfile_async_front.jsm:1548:28
@resource://gre/modules/osfile/osfile_async_front.jsm:1568:16
@resource://gre/modules/osfile.jsm:12:30
@resource://gre/modules/TelemetryStorage.sys.mjs:10:28
_checkPendingPings@resource://gre/modules/TelemetrySend.sys.mjs:859:17
setup@resource://gre/modules/TelemetrySend.sys.mjs:799:18
setup@resource://gre/modules/TelemetrySend.sys.mjs:237:30
setupTelemetry/this._delayedInitTask<@resource://gre/modules/TelemetryControllerParent.sys.mjs:824:36
observe@resource://gre/modules/AsyncShutdown.sys.mjs:576:16

WARNING: A blocker encountered an error while we were waiting.
          Blocker:  TelemetryController: shutting down
          Phase: profile-before-change-telemetry
          State: Error getting state: Error: Phase "profile-before-change" is finished, it is too late to register completion condition "OS.File: flush I/O queued before profileBeforeChange" at addBlocker@resource://gre/modules/AsyncShutdown.sys.mjs:727:15
addBlocker@resource://gre/modules/AsyncShutdown.sys.mjs:523:26
addBlocker@resource://gre/modules/AsyncShutdown.sys.mjs:458:15
setupShutdown@resource://gre/modules/osfile/osfile_async_front.jsm:1548:28
@resource://gre/modules/osfile/osfile_async_front.jsm:1568:16
@resource://gre/modules/osfile.jsm:12:30
@resource://gre/modules/TelemetryStorage.sys.mjs:10:28
_checkPendingPings@resource://gre/modules/TelemetrySend.sys.mjs:859:17
setup@resource://gre/modules/TelemetrySend.sys.mjs:799:18
setup@resource://gre/modules/TelemetrySend.sys.mjs:237:30
setupTelemetry/this._delayedInitTask<@resource://gre/modules/TelemetryControllerParent.sys.mjs:824:36
observe@resource://gre/modules/AsyncShutdown.sys.mjs:576:16

WARNING: Error: Phase "profile-before-change" is finished, it is too late to register completion condition "OS.File: flush I/O queued before profileBeforeChange"
WARNING: addBlocker@resource://gre/modules/AsyncShutdown.sys.mjs:727:15
addBlocker@resource://gre/modules/AsyncShutdown.sys.mjs:523:26
addBlocker@resource://gre/modules/AsyncShutdown.sys.mjs:458:15
setupShutdown@resource://gre/modules/osfile/osfile_async_front.jsm:1548:28
@resource://gre/modules/osfile/osfile_async_front.jsm:1568:16
@resource://gre/modules/osfile.jsm:12:30
@resource://gre/modules/TelemetryStorage.sys.mjs:10:28
_checkPendingPings@resource://gre/modules/TelemetrySend.sys.mjs:859:17
setup@resource://gre/modules/TelemetrySend.sys.mjs:799:18
setup@resource://gre/modules/TelemetrySend.sys.mjs:237:30
setupTelemetry/this._delayedInitTask<@resource://gre/modules/TelemetryControllerParent.sys.mjs:824:36
observe@resource://gre/modules/AsyncShutdown.sys.mjs:576:16

JavaScript error: resource://gre/modules/AsyncShutdown.sys.mjs, line 727: Error: Phase "profile-before-change" is finished, it is too late to register completion condition "OS.File: flush I/O queued before profileBeforeChange"
JavaScript error: resource://gre/modules/AsyncShutdown.sys.mjs, line 727: Error: Phase "profile-before-change" is finished, it is too late to register completion condition "OS.File: flush I/O queued before profileBeforeChange"
JavaScript error: resource://gre/modules/AsyncShutdown.sys.mjs, line 727: Error: Phase "profile-before-change" is finished, it is too late to register completion condition "OS.File: flush I/O queued before profileBeforeChange"
JavaScript error: resource://gre/modules/AsyncShutdown.sys.mjs, line 727: Error: Phase "profile-before-change" is finished, it is too late to register completion condition "OS.File: flush I/O queued before profileBeforeChange"
JavaScript error: resource://gre/modules/AsyncShutdown.sys.mjs, line 727: Error: Phase "profile-before-change" is finished, it is too late to register completion condition "OS.File: flush I/O queued before profileBeforeChange"
JavaScript error: resource://gre/modules/AsyncShutdown.sys.mjs, line 727: Error: Phase "profile-before-change" is finished, it is too late to register completion condition "OS.File: flush I/O queued before profileBeforeChange"
]]></system-err>
  </testcase>
  <testcase name="Verify user can create an account into Retail Website" classname="Sign in Feature" time="4.407">
    <system-out><![CDATA[
@Regression
Scenario: Verify user can create an account into Retail Website # features/Singin.feature:12
 INFO [main] (HomeSteps.java:29)- Tekschool logo was displayed successfully
  Given User is on retail website                               # tek.capstone.dragons.steps.HomeSteps.userIsOnRetailWebsite()
 INFO [main] (SignInSteps.java:20)- User clicked on signin button successfully
  When User click on Sign in option                             # tek.capstone.dragons.steps.SignInSteps.userClickOnSignInOption()
 INFO [main] (SignInSteps.java:49)- User clicked on create new account button successfully
  And User click on Create New Account button                   # tek.capstone.dragons.steps.SignInSteps.userClickOnCreateNewAccountButton()
 INFO [main] (SignInSteps.java:60)- User filled signUp information successfully
  And User fill the signUp information with below data          # tek.capstone.dragons.steps.SignInSteps.userFillTheSignUpInformationWithBelowData(io.cucumber.datatable.DataTable)
    | name        | email                       | password  | confirmPassword |
    | studentMori | studentMori126568@gmail.com | Tek@12345 | Tek@12345       |
 INFO [main] (SignInSteps.java:67)- User clicked on SignUp button successfully
  And User click on SignUp button                               # tek.capstone.dragons.steps.SignInSteps.userClickOnSignUpButton()
 INFO [main] (SignInSteps.java:76)-  user logged in successfully
  Then User should be logged into account page                  # tek.capstone.dragons.steps.SignInSteps.userShouldBeLoggedIntoAccountPage()
]]></system-out>
    <system-err><![CDATA[1684907859319	geckodriver	INFO	Listening on 127.0.0.1:34372
1684907859361	mozrunner::runner	INFO	Running command: "C:\\Program Files\\Mozilla Firefox\\firefox.exe" "--marionette" "--remote-debugging-port" "44577" "--remote ... localhost:44577/,http://[::1]:44577/" "-no-remote" "-profile" "C:\\Users\\morte\\AppData\\Local\\Temp\\rust_mozprofilemzUXJl"
console.warn: services.settings: Ignoring preference override of remote settings server
console.warn: services.settings: Allow by setting MOZ_REMOTE_SETTINGS_DEVTOOLS=1 in the environment
1684907859589	Marionette	INFO	Marionette enabled
Dynamically enable window occlusion 0
1684907859593	Marionette	INFO	Listening on port 4900
WebDriver BiDi listening on ws://127.0.0.1:44577
Read port: 4900
1684907859786	RemoteAgent	WARN	TLS certificate errors will be ignored for this session
[ERROR glean_core] Error setting metrics feature config: Json(Error("EOF while parsing a value", line: 1, column: 0))
DevTools listening on ws://127.0.0.1:44577/devtools/browser/51ce39b4-b171-43a6-83b8-292f9bd20ff2
console.warn: LoginRecipes: "Falling back to a synchronous message for: https://tek-retail-ui.azurewebsites.net."
console.warn: LoginRecipes: "Falling back to a synchronous message for: https://tek-retail-ui.azurewebsites.net."
console.warn: LoginRecipes: "Falling back to a synchronous message for: https://tek-retail-ui.azurewebsites.net."
1684907863130	RemoteAgent	INFO	Perform WebSocket upgrade for incoming connection from 127.0.0.1:4937
1684907863132	CDP	WARN	Invalid browser preferences for CDP. Set "fission.webContentIsolationStrategy"to 0 and "fission.bfcacheInParent" to false before Firefox starts.
1684907863134	Marionette	INFO	Stopped listening on port 4900
[Child 26128, Main Thread] WARNING: JSWindowActorChild::SendRawMessage (Conduits, ConduitClosed) not sent: !CanSend() || !mManager || !mManager->CanSend(): file /builds/worker/checkouts/gecko/dom/ipc/jsactor/JSWindowActorChild.cpp:57
[Child 26128, Main Thread] WARNING: JSWindowActorChild::SendRawMessage (Conduits, ConduitClosed) not sent: !CanSend() || !mManager || !mManager->CanSend(): file /builds/worker/checkouts/gecko/dom/ipc/jsactor/JSWindowActorChild.cpp:57
[Child 26128, Main Thread] WARNING: JSWindowActorChild::SendRawMessage (Conduits, ConduitClosed) not sent: !CanSend() || !mManager || !mManager->CanSend(): file /builds/worker/checkouts/gecko/dom/ipc/jsactor/JSWindowActorChild.cpp:57
[Child 26128, Main Thread] WARNING: JSWindowActorChild::SendRawMessage (Conduits, ConduitClosed) not sent: !CanSend() || !mManager || !mManager->CanSend(): file /builds/worker/checkouts/gecko/dom/ipc/jsactor/JSWindowActorChild.cpp:57
[Child 26128, Main Thread] WARNING: JSWindowActorChild::SendRawMessage (Conduits, ConduitClosed) not sent: !CanSend() || !mManager || !mManager->CanSend(): file /builds/worker/checkouts/gecko/dom/ipc/jsactor/JSWindowActorChild.cpp:57
[Child 26128, Main Thread] WARNING: JSWindowActorChild::SendRawMessage (Conduits, ConduitClosed) not sent: !CanSend() || !mManager || !mManager->CanSend(): file /builds/worker/checkouts/gecko/dom/ipc/jsactor/JSWindowActorChild.cpp:57
[Child 26128, Main Thread] WARNING: JSWindowActorChild::SendRawMessage (Conduits, ConduitClosed) not sent: !CanSend() || !mManager || !mManager->CanSend(): file /builds/worker/checkouts/gecko/dom/ipc/jsactor/JSWindowActorChild.cpp:57
[Child 26128, Main Thread] WARNING: JSWindowActorChild::SendRawMessage (Conduits, ConduitClosed) not sent: !CanSend() || !mManager || !mManager->CanSend(): file /builds/worker/checkouts/gecko/dom/ipc/jsactor/JSWindowActorChild.cpp:57
Dynamically enable window occlusion 1
WARNING: A blocker encountered an error while we were waiting.
          Blocker:  Waiting for ping task
          Phase: TelemetryController: Waiting for pending ping activity
          State: (none)
WARNING: Error: Phase "profile-before-change" is finished, it is too late to register completion condition "OS.File: flush I/O queued before profileBeforeChange"
WARNING: addBlocker@resource://gre/modules/AsyncShutdown.sys.mjs:727:15
addBlocker@resource://gre/modules/AsyncShutdown.sys.mjs:523:26
addBlocker@resource://gre/modules/AsyncShutdown.sys.mjs:458:15
setupShutdown@resource://gre/modules/osfile/osfile_async_front.jsm:1548:28
@resource://gre/modules/osfile/osfile_async_front.jsm:1568:16
@resource://gre/modules/osfile.jsm:12:30
@resource://gre/modules/TelemetryStorage.sys.mjs:10:28
_checkPendingPings@resource://gre/modules/TelemetrySend.sys.mjs:859:17
setup@resource://gre/modules/TelemetrySend.sys.mjs:799:18
setup@resource://gre/modules/TelemetrySend.sys.mjs:237:30
setupTelemetry/this._delayedInitTask<@resource://gre/modules/TelemetryControllerParent.sys.mjs:824:36
observe@resource://gre/modules/AsyncShutdown.sys.mjs:576:16

console.error: "TelemetryScheduler.shutdown - Already shut down"
WARNING: A blocker encountered an error while we were waiting.
          Blocker:  Waiting for ping task
          Phase: TelemetryController: Waiting for pending ping activity
          State: (none)
WARNING: Error: Phase "profile-before-change" is finished, it is too late to register completion condition "OS.File: flush I/O queued before profileBeforeChange"
WARNING: addBlocker@resource://gre/modules/AsyncShutdown.sys.mjs:727:15
addBlocker@resource://gre/modules/AsyncShutdown.sys.mjs:523:26
addBlocker@resource://gre/modules/AsyncShutdown.sys.mjs:458:15
setupShutdown@resource://gre/modules/osfile/osfile_async_front.jsm:1548:28
@resource://gre/modules/osfile/osfile_async_front.jsm:1568:16
@resource://gre/modules/osfile.jsm:12:30
@resource://gre/modules/TelemetryStorage.sys.mjs:10:28
_checkPendingPings@resource://gre/modules/TelemetrySend.sys.mjs:859:17
setup@resource://gre/modules/TelemetrySend.sys.mjs:799:18
setup@resource://gre/modules/TelemetrySend.sys.mjs:237:30
setupTelemetry/this._delayedInitTask<@resource://gre/modules/TelemetryControllerParent.sys.mjs:824:36
observe@resource://gre/modules/AsyncShutdown.sys.mjs:576:16

WARNING: A blocker encountered an error while we were waiting.
          Blocker:  Waiting for ping task
          Phase: TelemetryController: Waiting for pending ping activity
          State: (none)
WARNING: Error: Phase "profile-before-change" is finished, it is too late to register completion condition "OS.File: flush I/O queued before profileBeforeChange"
WARNING: addBlocker@resource://gre/modules/AsyncShutdown.sys.mjs:727:15
addBlocker@resource://gre/modules/AsyncShutdown.sys.mjs:523:26
addBlocker@resource://gre/modules/AsyncShutdown.sys.mjs:458:15
setupShutdown@resource://gre/modules/osfile/osfile_async_front.jsm:1548:28
@resource://gre/modules/osfile/osfile_async_front.jsm:1568:16
@resource://gre/modules/osfile.jsm:12:30
@resource://gre/modules/TelemetryStorage.sys.mjs:10:28
_checkPendingPings@resource://gre/modules/TelemetrySend.sys.mjs:859:17
setup@resource://gre/modules/TelemetrySend.sys.mjs:799:18
setup@resource://gre/modules/TelemetrySend.sys.mjs:237:30
setupTelemetry/this._delayedInitTask<@resource://gre/modules/TelemetryControllerParent.sys.mjs:824:36
observe@resource://gre/modules/AsyncShutdown.sys.mjs:576:16

WARNING: A blocker encountered an error while we were waiting.
          Blocker:  TelemetryController: shutting down
          Phase: profile-before-change-telemetry
          State: Error getting state: Error: Phase "profile-before-change" is finished, it is too late to register completion condition "OS.File: flush I/O queued before profileBeforeChange" at addBlocker@resource://gre/modules/AsyncShutdown.sys.mjs:727:15
addBlocker@resource://gre/modules/AsyncShutdown.sys.mjs:523:26
addBlocker@resource://gre/modules/AsyncShutdown.sys.mjs:458:15
setupShutdown@resource://gre/modules/osfile/osfile_async_front.jsm:1548:28
@resource://gre/modules/osfile/osfile_async_front.jsm:1568:16
@resource://gre/modules/osfile.jsm:12:30
@resource://gre/modules/TelemetryStorage.sys.mjs:10:28
_checkPendingPings@resource://gre/modules/TelemetrySend.sys.mjs:859:17
setup@resource://gre/modules/TelemetrySend.sys.mjs:799:18
setup@resource://gre/modules/TelemetrySend.sys.mjs:237:30
setupTelemetry/this._delayedInitTask<@resource://gre/modules/TelemetryControllerParent.sys.mjs:824:36
observe@resource://gre/modules/AsyncShutdown.sys.mjs:576:16

WARNING: Error: Phase "profile-before-change" is finished, it is too late to register completion condition "OS.File: flush I/O queued before profileBeforeChange"
WARNING: addBlocker@resource://gre/modules/AsyncShutdown.sys.mjs:727:15
addBlocker@resource://gre/modules/AsyncShutdown.sys.mjs:523:26
addBlocker@resource://gre/modules/AsyncShutdown.sys.mjs:458:15
setupShutdown@resource://gre/modules/osfile/osfile_async_front.jsm:1548:28
@resource://gre/modules/osfile/osfile_async_front.jsm:1568:16
@resource://gre/modules/osfile.jsm:12:30
@resource://gre/modules/TelemetryStorage.sys.mjs:10:28
_checkPendingPings@resource://gre/modules/TelemetrySend.sys.mjs:859:17
setup@resource://gre/modules/TelemetrySend.sys.mjs:799:18
setup@resource://gre/modules/TelemetrySend.sys.mjs:237:30
setupTelemetry/this._delayedInitTask<@resource://gre/modules/TelemetryControllerParent.sys.mjs:824:36
observe@resource://gre/modules/AsyncShutdown.sys.mjs:576:16

JavaScript error: resource://gre/modules/AsyncShutdown.sys.mjs, line 727: Error: Phase "profile-before-change" is finished, it is too late to register completion condition "OS.File: flush I/O queued before profileBeforeChange"
JavaScript error: resource://gre/modules/AsyncShutdown.sys.mjs, line 727: Error: Phase "profile-before-change" is finished, it is too late to register completion condition "OS.File: flush I/O queued before profileBeforeChange"
JavaScript error: resource://gre/modules/AsyncShutdown.sys.mjs, line 727: Error: Phase "profile-before-change" is finished, it is too late to register completion condition "OS.File: flush I/O queued before profileBeforeChange"
JavaScript error: resource://gre/modules/AsyncShutdown.sys.mjs, line 727: Error: Phase "profile-before-change" is finished, it is too late to register completion condition "OS.File: flush I/O queued before profileBeforeChange"
JavaScript error: resource://gre/modules/AsyncShutdown.sys.mjs, line 727: Error: Phase "profile-before-change" is finished, it is too late to register completion condition "OS.File: flush I/O queued before profileBeforeChange"
JavaScript error: resource://gre/modules/AsyncShutdown.sys.mjs, line 727: Error: Phase "profile-before-change" is finished, it is too late to register completion condition "OS.File: flush I/O queued before profileBeforeChange"
]]></system-err>
  </testcase>
</testsuite>