<?xml version="1.0" encoding="UTF-8"?>
<testsuite xmlns:xsi="http://www.w3.org/2001/XMLSchema-instance" xsi:noNamespaceSchemaLocation="https://maven.apache.org/surefire/maven-surefire-plugin/xsd/surefire-test-report-3.0.xsd" version="3.0" name="tek.capstone.dragons.runner.TestRunner" time="64.571" tests="20" errors="0" skipped="0" failures="1">
  <properties>
[...]
</properties>
  <testcase name="Verify Shop by Department sidebar" classname="Retail Home Page" time="5.44">
    <system-out><![CDATA[
@Home @Regression
Scenario: Verify Shop by Department sidebar                    # features/Home.feature:5
 INFO [main] (HomeSteps.java:29)- Tekschool logo was displayed successfully
  Given User is on retail website                              # tek.capstone.dragons.steps.HomeSteps.userIsOnRetailWebsite()
 INFO [main] (HomeSteps.java:35)- User clicked on All section successfully
  When User click on All section                               # tek.capstone.dragons.steps.HomeSteps.userClickOnAllSection()
  Then below options are present in Shop by Department sidebar # tek.capstone.dragons.steps.HomeSteps.belowOptionsArePresentInShopByDepartmentSidebar(io.cucumber.datatable.DataTable)
    | Electronics | Computers | Smart Home | Sports | Automative |
]]></system-out>
    <system-err><![CDATA[SLF4J: Failed to load class "org.slf4j.impl.StaticLoggerBinder".
SLF4J: Defaulting to no-operation (NOP) logger implementation
SLF4J: See http://www.slf4j.org/codes.html#StaticLoggerBinder for further details.
ERROR StatusLogger Log4j2 could not find a logging implementation. Please add log4j-core to the classpath. Using SimpleLogger to log to the console...
Starting ChromeDriver 114.0.5735.90 (386bc09e8f4f2e025eddae123f36f6263096ae49-refs/branch-heads/5735@{#1052}) on port 4751
Only local connections are allowed.
Please see https://chromedriver.chromium.org/security-considerations for suggestions on keeping ChromeDriver safe.
ChromeDriver was started successfully.
Jul. 10, 2023 2:10:30 P.M. org.openqa.selenium.devtools.CdpVersionFinder findNearestMatch
WARNING: Unable to find an exact match for CDP version 114, so returning the closest version found: 111
]]></system-err>
  </testcase>
  <testcase name="Verify department sidebar options #1" classname="Retail Home Page" time="1.641">
    <system-out><![CDATA[
@Home @Regression
Scenario Outline: Verify department sidebar options # features/Home.feature:21
 INFO [main] (HomeSteps.java:29)- Tekschool logo was displayed successfully
  Given User is on retail website                   # tek.capstone.dragons.steps.HomeSteps.userIsOnRetailWebsite()
 INFO [main] (HomeSteps.java:35)- User clicked on All section successfully
  When User click on All section                    # tek.capstone.dragons.steps.HomeSteps.userClickOnAllSection()
  And User on 'Electronics'                         # tek.capstone.dragons.steps.HomeSteps.userOn(java.lang.String)
 INFO [main] (HomeSteps.java:75)- TV & VideoPresented 
 INFO [main] (HomeSteps.java:75)- Video GamesPresented 
  Then below options are present in department      # tek.capstone.dragons.steps.HomeSteps.belowOptionsArePresentInDepartment(io.cucumber.datatable.DataTable)
    | TV & Video | Video Games |
]]></system-out>
    <system-err><![CDATA[Starting ChromeDriver 114.0.5735.90 (386bc09e8f4f2e025eddae123f36f6263096ae49-refs/branch-heads/5735@{#1052}) on port 1496
Only local connections are allowed.
Please see https://chromedriver.chromium.org/security-considerations for suggestions on keeping ChromeDriver safe.
ChromeDriver was started successfully.
Jul. 10, 2023 2:10:35 P.M. org.openqa.selenium.devtools.CdpVersionFinder findNearestMatch
WARNING: Unable to find an exact match for CDP version 114, so returning the closest version found: 111
]]></system-err>
  </testcase>
  <testcase name="Verify department sidebar options #2" classname="Retail Home Page" time="1.545">
    <system-out><![CDATA[
@Home @Regression
Scenario Outline: Verify department sidebar options # features/Home.feature:22
 INFO [main] (HomeSteps.java:29)- Tekschool logo was displayed successfully
  Given User is on retail website                   # tek.capstone.dragons.steps.HomeSteps.userIsOnRetailWebsite()
 INFO [main] (HomeSteps.java:35)- User clicked on All section successfully
  When User click on All section                    # tek.capstone.dragons.steps.HomeSteps.userClickOnAllSection()
  And User on 'Computers'                           # tek.capstone.dragons.steps.HomeSteps.userOn(java.lang.String)
  Then below options are present in department      # tek.capstone.dragons.steps.HomeSteps.belowOptionsArePresentInDepartment(io.cucumber.datatable.DataTable)
    | Accessories | Networking |
]]></system-out>
    <system-err><![CDATA[Starting ChromeDriver 114.0.5735.90 (386bc09e8f4f2e025eddae123f36f6263096ae49-refs/branch-heads/5735@{#1052}) on port 39328
Only local connections are allowed.
Please see https://chromedriver.chromium.org/security-considerations for suggestions on keeping ChromeDriver safe.
ChromeDriver was started successfully.
Jul. 10, 2023 2:10:36 P.M. org.openqa.selenium.devtools.CdpVersionFinder findNearestMatch
WARNING: Unable to find an exact match for CDP version 114, so returning the closest version found: 111
]]></system-err>
  </testcase>
  <testcase name="Verify department sidebar options #3" classname="Retail Home Page" time="1.619">
    <system-out><![CDATA[
@Home @Regression
Scenario Outline: Verify department sidebar options # features/Home.feature:23
 INFO [main] (HomeSteps.java:29)- Tekschool logo was displayed successfully
  Given User is on retail website                   # tek.capstone.dragons.steps.HomeSteps.userIsOnRetailWebsite()
 INFO [main] (HomeSteps.java:35)- User clicked on All section successfully
  When User click on All section                    # tek.capstone.dragons.steps.HomeSteps.userClickOnAllSection()
  And User on 'Smart Home'                          # tek.capstone.dragons.steps.HomeSteps.userOn(java.lang.String)
  Then below options are present in department      # tek.capstone.dragons.steps.HomeSteps.belowOptionsArePresentInDepartment(io.cucumber.datatable.DataTable)
    | Smart Home Lightning | Plugs and Outlets |
]]></system-out>
    <system-err><![CDATA[Starting ChromeDriver 114.0.5735.90 (386bc09e8f4f2e025eddae123f36f6263096ae49-refs/branch-heads/5735@{#1052}) on port 13606
Only local connections are allowed.
Please see https://chromedriver.chromium.org/security-considerations for suggestions on keeping ChromeDriver safe.
ChromeDriver was started successfully.
Jul. 10, 2023 2:10:38 P.M. org.openqa.selenium.devtools.CdpVersionFinder findNearestMatch
WARNING: Unable to find an exact match for CDP version 114, so returning the closest version found: 111
]]></system-err>
  </testcase>
  <testcase name="Verify department sidebar options #4" classname="Retail Home Page" time="1.544">
    <system-out><![CDATA[
@Home @Regression
Scenario Outline: Verify department sidebar options # features/Home.feature:24
 INFO [main] (HomeSteps.java:29)- Tekschool logo was displayed successfully
  Given User is on retail website                   # tek.capstone.dragons.steps.HomeSteps.userIsOnRetailWebsite()
 INFO [main] (HomeSteps.java:35)- User clicked on All section successfully
  When User click on All section                    # tek.capstone.dragons.steps.HomeSteps.userClickOnAllSection()
  And User on 'Sports'                              # tek.capstone.dragons.steps.HomeSteps.userOn(java.lang.String)
  Then below options are present in department      # tek.capstone.dragons.steps.HomeSteps.belowOptionsArePresentInDepartment(io.cucumber.datatable.DataTable)
    | Athletic Clothing | Exercise & Fitness |
]]></system-out>
    <system-err><![CDATA[Starting ChromeDriver 114.0.5735.90 (386bc09e8f4f2e025eddae123f36f6263096ae49-refs/branch-heads/5735@{#1052}) on port 8683
Only local connections are allowed.
Please see https://chromedriver.chromium.org/security-considerations for suggestions on keeping ChromeDriver safe.
ChromeDriver was started successfully.
Jul. 10, 2023 2:10:39 P.M. org.openqa.selenium.devtools.CdpVersionFinder findNearestMatch
WARNING: Unable to find an exact match for CDP version 114, so returning the closest version found: 111
]]></system-err>
  </testcase>
  <testcase name="Verify department sidebar options #5" classname="Retail Home Page" time="2.081">
    <system-out><![CDATA[
@Home @Regression
Scenario Outline: Verify department sidebar options # features/Home.feature:25
 INFO [main] (HomeSteps.java:29)- Tekschool logo was displayed successfully
  Given User is on retail website                   # tek.capstone.dragons.steps.HomeSteps.userIsOnRetailWebsite()
 INFO [main] (HomeSteps.java:35)- User clicked on All section successfully
  When User click on All section                    # tek.capstone.dragons.steps.HomeSteps.userClickOnAllSection()
  And User on 'Automotive'                          # tek.capstone.dragons.steps.HomeSteps.userOn(java.lang.String)
  Then below options are present in department      # tek.capstone.dragons.steps.HomeSteps.belowOptionsArePresentInDepartment(io.cucumber.datatable.DataTable)
    | Automative Parts & Accessories | MotorCycle & Powersports |
]]></system-out>
    <system-err><![CDATA[Starting ChromeDriver 114.0.5735.90 (386bc09e8f4f2e025eddae123f36f6263096ae49-refs/branch-heads/5735@{#1052}) on port 18771
Only local connections are allowed.
Please see https://chromedriver.chromium.org/security-considerations for suggestions on keeping ChromeDriver safe.
ChromeDriver was started successfully.
Jul. 10, 2023 2:10:41 P.M. org.openqa.selenium.devtools.CdpVersionFinder findNearestMatch
WARNING: Unable to find an exact match for CDP version 114, so returning the closest version found: 111
]]></system-err>
  </testcase>
  <testcase name="Verify User can update Profile Information" classname="Retail Account Page" time="2.924">
    <system-out><![CDATA[
@Account @Regression
Scenario: Verify User can update Profile Information                        # features/RetailAccount.feature:12
 INFO [main] (HomeSteps.java:29)- Tekschool logo was displayed successfully
  Given User is on retail website                                           # tek.capstone.dragons.steps.HomeSteps.userIsOnRetailWebsite()
 INFO [main] (SignInSteps.java:21)- User clicked on signin button successfully
  When User click on Sign in option                                         # tek.capstone.dragons.steps.SignInSteps.userClickOnSignInOption()
 INFO [main] (SignInSteps.java:28)- User enterd email and password successfully
  And User enter email 'studentMori1265@gmail.com' and password 'Tek@12345' # tek.capstone.dragons.steps.SignInSteps.userEnterEmailAndPassword(java.lang.String,java.lang.String)
 INFO [main] (SignInSteps.java:35)- user clicked on login button successfully
  And User click on login button                                            # tek.capstone.dragons.steps.SignInSteps.userClickOnLoginButton()
 INFO [main] (SignInSteps.java:44)-  user logged in successfully
  And User should be logged in into Account                                 # tek.capstone.dragons.steps.SignInSteps.userShouldBeLoggedInIntoAccount()
 INFO [main] (RetailAccountSteps.java:24)- User clicked on Account Option successfully
  When User click on Account option                                         # tek.capstone.dragons.steps.RetailAccountSteps.userClickOnAccountOption()
  And User update Name 'Motaaazaa' and Phone '3901460010'                   # tek.capstone.dragons.steps.RetailAccountSteps.userUpdateNameAndPhone(java.lang.String,java.lang.String)
 INFO [main] (RetailAccountSteps.java:42)- User clicked on update button successfully
  And User click on Update button                                           # tek.capstone.dragons.steps.RetailAccountSteps.userClickOnUpdateButton()
 INFO [main] (RetailAccountSteps.java:49)- User profile information updated successfully
  Then user profile information should be updated                           # tek.capstone.dragons.steps.RetailAccountSteps.userProfileInformationShouldBeUpdated()
]]></system-out>
    <system-err><![CDATA[Starting ChromeDriver 114.0.5735.90 (386bc09e8f4f2e025eddae123f36f6263096ae49-refs/branch-heads/5735@{#1052}) on port 29720
Only local connections are allowed.
Please see https://chromedriver.chromium.org/security-considerations for suggestions on keeping ChromeDriver safe.
ChromeDriver was started successfully.
Jul. 10, 2023 2:10:43 P.M. org.openqa.selenium.devtools.CdpVersionFinder findNearestMatch
WARNING: Unable to find an exact match for CDP version 114, so returning the closest version found: 111
]]></system-err>
  </testcase>
  <testcase name="Verify User can add a payment method" classname="Retail Account Page" time="3.376">
    <failure message="expected:&lt;...ent Method added suc[]essfully&gt; but was:&lt;...ent Method added suc[c]essfully&gt;" type="org.junit.ComparisonFailure"><![CDATA[org.junit.ComparisonFailure: expected:<...ent Method added suc[]essfully> but was:<...ent Method added suc[c]essfully>
	at org.junit.Assert.assertEquals(Assert.java:117)
	at org.junit.Assert.assertEquals(Assert.java:146)
	at tek.capstone.dragons.steps.RetailAccountSteps.aMessageShouldBeDisplayedOn(RetailAccountSteps.java:84)
	at ✽.a message should be displayed on 'Payment Method added successfully'(classpath:features/RetailAccount.feature:26)
]]></failure>
    <system-out><![CDATA[
@Account @Regression
Scenario: Verify User can add a payment method                              # features/RetailAccount.feature:19
 INFO [main] (HomeSteps.java:29)- Tekschool logo was displayed successfully
  Given User is on retail website                                           # tek.capstone.dragons.steps.HomeSteps.userIsOnRetailWebsite()
 INFO [main] (SignInSteps.java:21)- User clicked on signin button successfully
  When User click on Sign in option                                         # tek.capstone.dragons.steps.SignInSteps.userClickOnSignInOption()
 INFO [main] (SignInSteps.java:28)- User enterd email and password successfully
  And User enter email 'studentMori1265@gmail.com' and password 'Tek@12345' # tek.capstone.dragons.steps.SignInSteps.userEnterEmailAndPassword(java.lang.String,java.lang.String)
 INFO [main] (SignInSteps.java:35)- user clicked on login button successfully
  And User click on login button                                            # tek.capstone.dragons.steps.SignInSteps.userClickOnLoginButton()
 INFO [main] (SignInSteps.java:44)-  user logged in successfully
  And User should be logged in into Account                                 # tek.capstone.dragons.steps.SignInSteps.userShouldBeLoggedInIntoAccount()
 INFO [main] (RetailAccountSteps.java:24)- User clicked on Account Option successfully
  When User click on Account option                                         # tek.capstone.dragons.steps.RetailAccountSteps.userClickOnAccountOption()
 INFO [main] (RetailAccountSteps.java:56)- User clicked on Add Payment method link successfully
  And User click on Add a payment method link                               # tek.capstone.dragons.steps.RetailAccountSteps.userClickOnAddAPaymentMethodLink()
 INFO [main] (RetailAccountSteps.java:70)- User fill debit or credit card information successfully
  And User fill Debit or credit card information                            # tek.capstone.dragons.steps.RetailAccountSteps.userFillDebitOrCreditCardInformation(io.cucumber.datatable.DataTable)
    | cardNumber       | nameOnCard | expirationMonth | expirationYear | securityCode |
    | 1234560891330467 | Morteza    | 8               | 2026           | 321          |
 INFO [main] (RetailAccountSteps.java:77)- User clicked on Add your card button successfully
  And User click on Add your card button                                    # tek.capstone.dragons.steps.RetailAccountSteps.userClickOnAddYourCardButton()
  Then a message should be displayed on 'Payment Method added successfully' # tek.capstone.dragons.steps.RetailAccountSteps.aMessageShouldBeDisplayedOn(java.lang.String)
      org.junit.ComparisonFailure: expected:<...ent Method added suc[]essfully> but was:<...ent Method added suc[c]essfully>
	at org.junit.Assert.assertEquals(Assert.java:117)
	at org.junit.Assert.assertEquals(Assert.java:146)
	at tek.capstone.dragons.steps.RetailAccountSteps.aMessageShouldBeDisplayedOn(RetailAccountSteps.java:84)
	at âœ½.a message should be displayed on 'Payment Method added successfully'(classpath:features/RetailAccount.feature:26)


    Embedding Verify User can add a payment method scenario failed [image/png 39180 bytes]

]]></system-out>
    <system-err><![CDATA[Starting ChromeDriver 114.0.5735.90 (386bc09e8f4f2e025eddae123f36f6263096ae49-refs/branch-heads/5735@{#1052}) on port 30424
Only local connections are allowed.
Please see https://chromedriver.chromium.org/security-considerations for suggestions on keeping ChromeDriver safe.
ChromeDriver was started successfully.
Jul. 10, 2023 2:10:46 P.M. org.openqa.selenium.devtools.CdpVersionFinder findNearestMatch
WARNING: Unable to find an exact match for CDP version 114, so returning the closest version found: 111
]]></system-err>
  </testcase>
  <testcase name="Verify User can edit Debit or Credit card" classname="Retail Account Page" time="3.301">
    <system-out><![CDATA[
@Account @Regression
Scenario: Verify User can edit Debit or Credit card                                 # features/RetailAccount.feature:29
 INFO [main] (HomeSteps.java:29)- Tekschool logo was displayed successfully
  Given User is on retail website                                                   # tek.capstone.dragons.steps.HomeSteps.userIsOnRetailWebsite()
 INFO [main] (SignInSteps.java:21)- User clicked on signin button successfully
  When User click on Sign in option                                                 # tek.capstone.dragons.steps.SignInSteps.userClickOnSignInOption()
 INFO [main] (SignInSteps.java:28)- User enterd email and password successfully
  And User enter email 'studentMori1265@gmail.com' and password 'Tek@12345'         # tek.capstone.dragons.steps.SignInSteps.userEnterEmailAndPassword(java.lang.String,java.lang.String)
 INFO [main] (SignInSteps.java:35)- user clicked on login button successfully
  And User click on login button                                                    # tek.capstone.dragons.steps.SignInSteps.userClickOnLoginButton()
 INFO [main] (SignInSteps.java:44)-  user logged in successfully
  And User should be logged in into Account                                         # tek.capstone.dragons.steps.SignInSteps.userShouldBeLoggedInIntoAccount()
 INFO [main] (RetailAccountSteps.java:24)- User clicked on Account Option successfully
  When User click on Account option                                                 # tek.capstone.dragons.steps.RetailAccountSteps.userClickOnAccountOption()
 INFO [main] (RetailAccountSteps.java:96)- User clicked on card to edit successfully
 INFO [main] (RetailAccountSteps.java:107)- User clicked on Edit option of card section successfully
  And User click on Edit option of card section                                     # tek.capstone.dragons.steps.RetailAccountSteps.userClickOnEditOptionOfCardSection()
 INFO [main] (RetailAccountSteps.java:124)- User fill debit or credit card information successfully
  And user edit information with below data                                         # tek.capstone.dragons.steps.RetailAccountSteps.userEditInformationWithBelowData(io.cucumber.datatable.DataTable)
    | cardNumber       | nameOnCard | expirationMonth | expirationYear | securityCode |
    | 9999000077775555 | sharifi    | 9               | 2028           | 987          |
  And user click on Update Your Card button                                         # tek.capstone.dragons.steps.RetailAccountSteps.userClickOnUpdateYourCardButton()
 INFO [main] (RetailAccountSteps.java:137)- A message Payment Method updated Successfully was displayed successfully
  Then a message should be displayed for edit 'Payment Method updated Successfully' # tek.capstone.dragons.steps.RetailAccountSteps.aMessageShouldBeDisplayedForEdit(java.lang.String)
]]></system-out>
    <system-err><![CDATA[Starting ChromeDriver 114.0.5735.90 (386bc09e8f4f2e025eddae123f36f6263096ae49-refs/branch-heads/5735@{#1052}) on port 30652
Only local connections are allowed.
Please see https://chromedriver.chromium.org/security-considerations for suggestions on keeping ChromeDriver safe.
ChromeDriver was started successfully.
Jul. 10, 2023 2:10:49 P.M. org.openqa.selenium.devtools.CdpVersionFinder findNearestMatch
WARNING: Unable to find an exact match for CDP version 114, so returning the closest version found: 111
]]></system-err>
  </testcase>
  <testcase name="Verify User can remove Debit or Credit card" classname="Retail Account Page" time="5.199">
    <system-out><![CDATA[
@Account @Regression
Scenario: Verify User can remove Debit or Credit card                       # features/RetailAccount.feature:39
 INFO [main] (HomeSteps.java:29)- Tekschool logo was displayed successfully
  Given User is on retail website                                           # tek.capstone.dragons.steps.HomeSteps.userIsOnRetailWebsite()
 INFO [main] (SignInSteps.java:21)- User clicked on signin button successfully
  When User click on Sign in option                                         # tek.capstone.dragons.steps.SignInSteps.userClickOnSignInOption()
 INFO [main] (SignInSteps.java:28)- User enterd email and password successfully
  And User enter email 'studentMori1265@gmail.com' and password 'Tek@12345' # tek.capstone.dragons.steps.SignInSteps.userEnterEmailAndPassword(java.lang.String,java.lang.String)
 INFO [main] (SignInSteps.java:35)- user clicked on login button successfully
  And User click on login button                                            # tek.capstone.dragons.steps.SignInSteps.userClickOnLoginButton()
 INFO [main] (SignInSteps.java:44)-  user logged in successfully
  And User should be logged in into Account                                 # tek.capstone.dragons.steps.SignInSteps.userShouldBeLoggedInIntoAccount()
 INFO [main] (RetailAccountSteps.java:24)- User clicked on Account Option successfully
  When User click on Account option                                         # tek.capstone.dragons.steps.RetailAccountSteps.userClickOnAccountOption()
 INFO [main] (RetailAccountSteps.java:146)- User clicked on card to edit successfully
  And User select the card                                                  # tek.capstone.dragons.steps.RetailAccountSteps.userSelectTheCard()
 INFO [main] (RetailAccountSteps.java:169)- User clicked on remove option successfully
  And User click on remove option of card section                           # tek.capstone.dragons.steps.RetailAccountSteps.userClickOnRemoveOptionOfCardSection()
 INFO [main] (RetailAccountSteps.java:178)- Payment method removed
  Then payment details should be removed                                    # tek.capstone.dragons.steps.RetailAccountSteps.paymentDetailsShouldBeRemoved()
]]></system-out>
    <system-err><![CDATA[Starting ChromeDriver 114.0.5735.90 (386bc09e8f4f2e025eddae123f36f6263096ae49-refs/branch-heads/5735@{#1052}) on port 16902
Only local connections are allowed.
Please see https://chromedriver.chromium.org/security-considerations for suggestions on keeping ChromeDriver safe.
ChromeDriver was started successfully.
Jul. 10, 2023 2:10:53 P.M. org.openqa.selenium.devtools.CdpVersionFinder findNearestMatch
WARNING: Unable to find an exact match for CDP version 114, so returning the closest version found: 111
]]></system-err>
  </testcase>
  <testcase name="Verify User can add an Address" classname="Retail Account Page" time="3.35">
    <system-out><![CDATA[
@Account @Regression
Scenario: Verify User can add an Address                                          # features/RetailAccount.feature:46
 INFO [main] (HomeSteps.java:29)- Tekschool logo was displayed successfully
  Given User is on retail website                                                 # tek.capstone.dragons.steps.HomeSteps.userIsOnRetailWebsite()
 INFO [main] (SignInSteps.java:21)- User clicked on signin button successfully
  When User click on Sign in option                                               # tek.capstone.dragons.steps.SignInSteps.userClickOnSignInOption()
 INFO [main] (SignInSteps.java:28)- User enterd email and password successfully
  And User enter email 'studentMori1265@gmail.com' and password 'Tek@12345'       # tek.capstone.dragons.steps.SignInSteps.userEnterEmailAndPassword(java.lang.String,java.lang.String)
 INFO [main] (SignInSteps.java:35)- user clicked on login button successfully
  And User click on login button                                                  # tek.capstone.dragons.steps.SignInSteps.userClickOnLoginButton()
 INFO [main] (SignInSteps.java:44)-  user logged in successfully
  And User should be logged in into Account                                       # tek.capstone.dragons.steps.SignInSteps.userShouldBeLoggedInIntoAccount()
 INFO [main] (RetailAccountSteps.java:24)- User clicked on Account Option successfully
  When User click on Account option                                               # tek.capstone.dragons.steps.RetailAccountSteps.userClickOnAccountOption()
 INFO [main] (RetailAccountSteps.java:186)- User clicked on Add address option successfully
  And User click on Add address option                                            # tek.capstone.dragons.steps.RetailAccountSteps.userClickOnAddAddressOption()
 INFO [main] (RetailAccountSteps.java:210)- User filled address with information successfully
  And user fill new address form with below information                           # tek.capstone.dragons.steps.RetailAccountSteps.userFillNewAddressFormWithBelowInformation(io.cucumber.datatable.DataTable)
    | country       | fullName   | phoneNumber | streetAddress  | apt   | city    | state    | zipCode |
    | United States | Morteza sh | 2233563214  | 1520 Hemlok Rd | house | Toronto | Virginia | 15478   |
 INFO [main] (RetailAccountSteps.java:218)- User clicked on Add address button successfully
  And User click Add Your Address button                                          # tek.capstone.dragons.steps.RetailAccountSteps.userClickAddYourAddressButton()
 INFO [main] (RetailAccountSteps.java:225)- A message Address Added Successfully displayed successfully
  Then a message should be displayed for add address 'Address Added Successfully' # tek.capstone.dragons.steps.RetailAccountSteps.aMessageShouldBeDisplayedForAddAddress(java.lang.String)
]]></system-out>
    <system-err><![CDATA[Starting ChromeDriver 114.0.5735.90 (386bc09e8f4f2e025eddae123f36f6263096ae49-refs/branch-heads/5735@{#1052}) on port 48188
Only local connections are allowed.
Please see https://chromedriver.chromium.org/security-considerations for suggestions on keeping ChromeDriver safe.
ChromeDriver was started successfully.
Jul. 10, 2023 2:10:58 P.M. org.openqa.selenium.devtools.CdpVersionFinder findNearestMatch
WARNING: Unable to find an exact match for CDP version 114, so returning the closest version found: 111
]]></system-err>
  </testcase>
  <testcase name="Verify User can edit an Address added on account" classname="Retail Account Page" time="3.529">
    <system-out><![CDATA[
@Account @Regression
Scenario: Verify User can edit an Address added on account                  # features/RetailAccount.feature:56
 INFO [main] (HomeSteps.java:29)- Tekschool logo was displayed successfully
  Given User is on retail website                                           # tek.capstone.dragons.steps.HomeSteps.userIsOnRetailWebsite()
 INFO [main] (SignInSteps.java:21)- User clicked on signin button successfully
  When User click on Sign in option                                         # tek.capstone.dragons.steps.SignInSteps.userClickOnSignInOption()
 INFO [main] (SignInSteps.java:28)- User enterd email and password successfully
  And User enter email 'studentMori1265@gmail.com' and password 'Tek@12345' # tek.capstone.dragons.steps.SignInSteps.userEnterEmailAndPassword(java.lang.String,java.lang.String)
 INFO [main] (SignInSteps.java:35)- user clicked on login button successfully
  And User click on login button                                            # tek.capstone.dragons.steps.SignInSteps.userClickOnLoginButton()
 INFO [main] (SignInSteps.java:44)-  user logged in successfully
  And User should be logged in into Account                                 # tek.capstone.dragons.steps.SignInSteps.userShouldBeLoggedInIntoAccount()
 INFO [main] (RetailAccountSteps.java:24)- User clicked on Account Option successfully
  When User click on Account option                                         # tek.capstone.dragons.steps.RetailAccountSteps.userClickOnAccountOption()
 INFO [main] (RetailAccountSteps.java:232)- User clicked on edit address option successfully
  And User click on edit address option                                     # tek.capstone.dragons.steps.RetailAccountSteps.userClickOnEditAddressOption()
 INFO [main] (RetailAccountSteps.java:257)- User filled address with information successfully
  And user fill the new address form with below information                 # tek.capstone.dragons.steps.RetailAccountSteps.userFillTheNewAddressFormWithBelowInformation(io.cucumber.datatable.DataTable)
    | country | fullName | phoneNumber | streetAddress | apt | city   | state   | zipCode |
    | Canada  | sharifi  | 22612040328 | 3000 vins Rd  | apa | London | Ontario | 98541   |
 INFO [main] (RetailAccountSteps.java:265)- User clicked on update your address button successfully
  And User click update Your Address button                                 # tek.capstone.dragons.steps.RetailAccountSteps.userClickUpdateYourAddressButton()
 INFO [main] (RetailAccountSteps.java:272)- Address Updated Successfully : showed successfully
  Then a message should be displayed 'Address Updated Successfully'         # tek.capstone.dragons.steps.RetailAccountSteps.aMessageShouldBeDisplayed(java.lang.String)
]]></system-out>
    <system-err><![CDATA[Starting ChromeDriver 114.0.5735.90 (386bc09e8f4f2e025eddae123f36f6263096ae49-refs/branch-heads/5735@{#1052}) on port 15037
Only local connections are allowed.
Please see https://chromedriver.chromium.org/security-considerations for suggestions on keeping ChromeDriver safe.
ChromeDriver was started successfully.
Jul. 10, 2023 2:11:01 P.M. org.openqa.selenium.devtools.CdpVersionFinder findNearestMatch
WARNING: Unable to find an exact match for CDP version 114, so returning the closest version found: 111
]]></system-err>
  </testcase>
  <testcase name="Verify User can remove Address from Account" classname="Retail Account Page" time="5.727">
    <system-out><![CDATA[
@Account @Regression
Scenario: Verify User can remove Address from Account                       # features/RetailAccount.feature:66
 INFO [main] (HomeSteps.java:29)- Tekschool logo was displayed successfully
  Given User is on retail website                                           # tek.capstone.dragons.steps.HomeSteps.userIsOnRetailWebsite()
 INFO [main] (SignInSteps.java:21)- User clicked on signin button successfully
  When User click on Sign in option                                         # tek.capstone.dragons.steps.SignInSteps.userClickOnSignInOption()
 INFO [main] (SignInSteps.java:28)- User enterd email and password successfully
  And User enter email 'studentMori1265@gmail.com' and password 'Tek@12345' # tek.capstone.dragons.steps.SignInSteps.userEnterEmailAndPassword(java.lang.String,java.lang.String)
 INFO [main] (SignInSteps.java:35)- user clicked on login button successfully
  And User click on login button                                            # tek.capstone.dragons.steps.SignInSteps.userClickOnLoginButton()
 INFO [main] (SignInSteps.java:44)-  user logged in successfully
  And User should be logged in into Account                                 # tek.capstone.dragons.steps.SignInSteps.userShouldBeLoggedInIntoAccount()
 INFO [main] (RetailAccountSteps.java:24)- User clicked on Account Option successfully
  When User click on Account option                                         # tek.capstone.dragons.steps.RetailAccountSteps.userClickOnAccountOption()
 INFO [main] (RetailAccountSteps.java:279)- User clicked on remove option successfully
  And User click on remove option of Address section                        # tek.capstone.dragons.steps.RetailAccountSteps.userClickOnRemoveOptionOfAddressSection()
1
 INFO [main] (RetailAccountSteps.java:288)- address removed
  Then Address details should be removed                                    # tek.capstone.dragons.steps.RetailAccountSteps.addressDetailsShouldBeRemoved()
]]></system-out>
    <system-err><![CDATA[Starting ChromeDriver 114.0.5735.90 (386bc09e8f4f2e025eddae123f36f6263096ae49-refs/branch-heads/5735@{#1052}) on port 26089
Only local connections are allowed.
Please see https://chromedriver.chromium.org/security-considerations for suggestions on keeping ChromeDriver safe.
ChromeDriver was started successfully.
Jul. 10, 2023 2:11:05 P.M. org.openqa.selenium.devtools.CdpVersionFinder findNearestMatch
WARNING: Unable to find an exact match for CDP version 114, so returning the closest version found: 111
]]></system-err>
  </testcase>
  <testcase name="Verify User can add an item to cart" classname="Retail Order Page" time="4.858">
    <system-out><![CDATA[
@Order @Regression
Scenario: Verify User can add an item to cart                            # features/RetailOrder.feature:5
 INFO [main] (HomeSteps.java:29)- Tekschool logo was displayed successfully
  Given User is on retail website                                        # tek.capstone.dragons.steps.HomeSteps.userIsOnRetailWebsite()
 INFO [main] (SignInSteps.java:21)- User clicked on signin button successfully
  When User click on Sign in option                                      # tek.capstone.dragons.steps.SignInSteps.userClickOnSignInOption()
 INFO [main] (SignInSteps.java:28)- User enterd email and password successfully
  And User enter email 'studentMori1@gmail.com' and password 'Tek@12345' # tek.capstone.dragons.steps.SignInSteps.userEnterEmailAndPassword(java.lang.String,java.lang.String)
 INFO [main] (SignInSteps.java:35)- user clicked on login button successfully
  And User click on login button                                         # tek.capstone.dragons.steps.SignInSteps.userClickOnLoginButton()
 INFO [main] (SignInSteps.java:44)-  user logged in successfully
  And User should be logged in into Account                              # tek.capstone.dragons.steps.SignInSteps.userShouldBeLoggedInIntoAccount()
 INFO [main] (RetailOrderSteps.java:21)- User changed the category Smart Home successfully
  And User change the category to 'Smart Home'                           # tek.capstone.dragons.steps.RetailOrderSteps.userChangeTheCategoryTo(java.lang.String)
 INFO [main] (RetailOrderSteps.java:29)- user entered kasa outdoor smart plug to search bar successfully
  And User search for an item 'kasa outdoor smart plug'                  # tek.capstone.dragons.steps.RetailOrderSteps.userSearchForAnItem(java.lang.String)
 INFO [main] (RetailOrderSteps.java:36)- User clicked on search icon successfully
  And User click on Search icon                                          # tek.capstone.dragons.steps.RetailOrderSteps.userClickOnSearchIcon()
 INFO [main] (RetailOrderSteps.java:42)- User clicked on item successfully
  And User click on item                                                 # tek.capstone.dragons.steps.RetailOrderSteps.userClickOnItem()
 INFO [main] (RetailOrderSteps.java:49)- User select 2 seccessfully
  And User select quantity '2'                                           # tek.capstone.dragons.steps.RetailOrderSteps.userSelectQuantity(java.lang.String)
 INFO [main] (RetailOrderSteps.java:55)- User clicked add to card button successfully
  And User click add to Cart button                                      # tek.capstone.dragons.steps.RetailOrderSteps.userClickAddToCartButton()
 INFO [main] (RetailOrderSteps.java:62)- User change the quantity to 2 successfully
  Then the cart icon quantity should change to '2'                       # tek.capstone.dragons.steps.RetailOrderSteps.theCartIconQuantityShouldChangeTo(java.lang.String)
 INFO [main] (RetailOrderSteps.java:82)- User went to cart option successfully
 INFO [main] (RetailOrderSteps.java:85)- User clicked on delete button successfully
  Then the user delete that item                                         # tek.capstone.dragons.steps.RetailOrderSteps.theUserDeleteThatItem()
]]></system-out>
    <system-err><![CDATA[Starting ChromeDriver 114.0.5735.90 (386bc09e8f4f2e025eddae123f36f6263096ae49-refs/branch-heads/5735@{#1052}) on port 45616
Only local connections are allowed.
Please see https://chromedriver.chromium.org/security-considerations for suggestions on keeping ChromeDriver safe.
ChromeDriver was started successfully.
Jul. 10, 2023 2:11:10 P.M. org.openqa.selenium.devtools.CdpVersionFinder findNearestMatch
WARNING: Unable to find an exact match for CDP version 114, so returning the closest version found: 111
]]></system-err>
  </testcase>
  <testcase name="Verify User can place an order with Shipping address and payment Method on file​​​​​​​" classname="Retail Order Page" time="3.273">
    <system-out><![CDATA[
@Order @Regression
Scenario: Verify User can place an order with Shipping address and payment Method on fileâ€‹â€‹â€‹â€‹â€‹â€‹â€‹ # features/RetailOrder.feature:21
 INFO [main] (HomeSteps.java:29)- Tekschool logo was displayed successfully
  Given User is on retail website                                                                # tek.capstone.dragons.steps.HomeSteps.userIsOnRetailWebsite()
 INFO [main] (SignInSteps.java:21)- User clicked on signin button successfully
  When User click on Sign in option                                                              # tek.capstone.dragons.steps.SignInSteps.userClickOnSignInOption()
 INFO [main] (SignInSteps.java:28)- User enterd email and password successfully
  And User enter email 'studentMori12@gmail.com' and password 'Tek@12345'                        # tek.capstone.dragons.steps.SignInSteps.userEnterEmailAndPassword(java.lang.String,java.lang.String)
 INFO [main] (SignInSteps.java:35)- user clicked on login button successfully
  And User click on login button                                                                 # tek.capstone.dragons.steps.SignInSteps.userClickOnLoginButton()
 INFO [main] (SignInSteps.java:44)-  user logged in successfully
  And User should be logged in into Account                                                      # tek.capstone.dragons.steps.SignInSteps.userShouldBeLoggedInIntoAccount()
 INFO [main] (RetailOrderSteps.java:21)- User changed the category Electronics successfully
  And User change the category to 'Electronics'                                                  # tek.capstone.dragons.steps.RetailOrderSteps.userChangeTheCategoryTo(java.lang.String)
 INFO [main] (RetailOrderSteps.java:29)- user entered Apex Legends to search bar successfully
  And User search for an item 'Apex Legends'                                                     # tek.capstone.dragons.steps.RetailOrderSteps.userSearchForAnItem(java.lang.String)
 INFO [main] (RetailOrderSteps.java:36)- User clicked on search icon successfully
  And User click on Search icon                                                                  # tek.capstone.dragons.steps.RetailOrderSteps.userClickOnSearchIcon()
  And User can click on item                                                                     # tek.capstone.dragons.steps.RetailOrderSteps.userCanClickOnItem()
 INFO [main] (RetailOrderSteps.java:49)- User select 5 seccessfully
  And User select quantity '5'                                                                   # tek.capstone.dragons.steps.RetailOrderSteps.userSelectQuantity(java.lang.String)
 INFO [main] (RetailOrderSteps.java:55)- User clicked add to card button successfully
  And User click add to Cart button                                                              # tek.capstone.dragons.steps.RetailOrderSteps.userClickAddToCartButton()
 INFO [main] (RetailOrderSteps.java:62)- User change the quantity to 5 successfully
  Then the cart icon quantity should change to '5'                                               # tek.capstone.dragons.steps.RetailOrderSteps.theCartIconQuantityShouldChangeTo(java.lang.String)
 INFO [main] (RetailOrderSteps.java:99)- User clicked on cart option successfully
  And User click on Cart option                                                                  # tek.capstone.dragons.steps.RetailOrderSteps.userClickOnCartOption()
 INFO [main] (RetailOrderSteps.java:105)- user clicked on Proceed to Checkout Button successfully
  And User click on Proceed to Checkout button                                                   # tek.capstone.dragons.steps.RetailOrderSteps.userClickOnProceedToCheckoutButton()
 INFO [main] (RetailOrderSteps.java:111)- User clicked on Place Your Order successfully
  And User click on Place Your Order                                                             # tek.capstone.dragons.steps.RetailOrderSteps.userClickOnPlaceYourOrder()
 INFO [main] (RetailOrderSteps.java:118)- A message Order Placed, Thanks displayed successfully
  And a message should be displayed about 'Order Placed, Thanks'                                 # tek.capstone.dragons.steps.RetailOrderSteps.aMessageShouldBeDisplayedAbout(java.lang.String)
]]></system-out>
    <system-err><![CDATA[Starting ChromeDriver 114.0.5735.90 (386bc09e8f4f2e025eddae123f36f6263096ae49-refs/branch-heads/5735@{#1052}) on port 14550
Only local connections are allowed.
Please see https://chromedriver.chromium.org/security-considerations for suggestions on keeping ChromeDriver safe.
ChromeDriver was started successfully.
Jul. 10, 2023 2:11:15 P.M. org.openqa.selenium.devtools.CdpVersionFinder findNearestMatch
WARNING: Unable to find an exact match for CDP version 114, so returning the closest version found: 111
]]></system-err>
  </testcase>
  <testcase name="Verify User can cancel the order" classname="Retail Order Page" time="3.61">
    <system-out><![CDATA[
@Order @Regression
Scenario: Verify User can cancel the order                                       # features/RetailOrder.feature:40
 INFO [main] (HomeSteps.java:29)- Tekschool logo was displayed successfully
  Given User is on retail website                                                # tek.capstone.dragons.steps.HomeSteps.userIsOnRetailWebsite()
 INFO [main] (SignInSteps.java:21)- User clicked on signin button successfully
  When User click on Sign in option                                              # tek.capstone.dragons.steps.SignInSteps.userClickOnSignInOption()
 INFO [main] (SignInSteps.java:28)- User enterd email and password successfully
  And User enter email 'studentMori1@gmail.com' and password 'Tek@12345'         # tek.capstone.dragons.steps.SignInSteps.userEnterEmailAndPassword(java.lang.String,java.lang.String)
 INFO [main] (SignInSteps.java:35)- user clicked on login button successfully
  And User click on login button                                                 # tek.capstone.dragons.steps.SignInSteps.userClickOnLoginButton()
 INFO [main] (SignInSteps.java:44)-  user logged in successfully
  And User should be logged in into Account                                      # tek.capstone.dragons.steps.SignInSteps.userShouldBeLoggedInIntoAccount()
 INFO [main] (RetailOrderSteps.java:21)- User changed the category Electronics successfully
  And User change the category to 'Electronics'                                  # tek.capstone.dragons.steps.RetailOrderSteps.userChangeTheCategoryTo(java.lang.String)
 INFO [main] (RetailOrderSteps.java:29)- user entered Apex Legends to search bar successfully
  And User search for an item 'Apex Legends'                                     # tek.capstone.dragons.steps.RetailOrderSteps.userSearchForAnItem(java.lang.String)
 INFO [main] (RetailOrderSteps.java:36)- User clicked on search icon successfully
  And User click on Search icon                                                  # tek.capstone.dragons.steps.RetailOrderSteps.userClickOnSearchIcon()
  And User can click on item                                                     # tek.capstone.dragons.steps.RetailOrderSteps.userCanClickOnItem()
 INFO [main] (RetailOrderSteps.java:49)- User select 2 seccessfully
  And User select quantity '2'                                                   # tek.capstone.dragons.steps.RetailOrderSteps.userSelectQuantity(java.lang.String)
 INFO [main] (RetailOrderSteps.java:55)- User clicked add to card button successfully
  And User click add to Cart button                                              # tek.capstone.dragons.steps.RetailOrderSteps.userClickAddToCartButton()
 INFO [main] (RetailOrderSteps.java:62)- User change the quantity to 2 successfully
  Then the cart icon quantity should change to '2'                               # tek.capstone.dragons.steps.RetailOrderSteps.theCartIconQuantityShouldChangeTo(java.lang.String)
 INFO [main] (RetailOrderSteps.java:99)- User clicked on cart option successfully
  And User click on Cart option                                                  # tek.capstone.dragons.steps.RetailOrderSteps.userClickOnCartOption()
 INFO [main] (RetailOrderSteps.java:105)- user clicked on Proceed to Checkout Button successfully
  And User click on Proceed to Checkout button                                   # tek.capstone.dragons.steps.RetailOrderSteps.userClickOnProceedToCheckoutButton()
 INFO [main] (RetailOrderSteps.java:111)- User clicked on Place Your Order successfully
  And User click on Place Your Order                                             # tek.capstone.dragons.steps.RetailOrderSteps.userClickOnPlaceYourOrder()
 INFO [main] (RetailOrderSteps.java:118)- A message Order Placed, Thanks displayed successfully
  And a message should be displayed about 'Order Placed, Thanks'                 # tek.capstone.dragons.steps.RetailOrderSteps.aMessageShouldBeDisplayedAbout(java.lang.String)
 INFO [main] (RetailOrderSteps.java:126)- User clicked on Orders section successfully
  And User click on Orders section                                               # tek.capstone.dragons.steps.RetailOrderSteps.userClickOnOrdersSection()
  And User click on first order in list                                          # tek.capstone.dragons.steps.RetailOrderSteps.userClickOnFirstOrderInList()
 INFO [main] (RetailOrderSteps.java:136)- User clicked on cancel the order button
  And User click on Cancel The Order button                                      # tek.capstone.dragons.steps.RetailOrderSteps.userClickOnCancelTheOrderButton()
 INFO [main] (RetailOrderSteps.java:143)- User selected the cancelation reason successfully
  And User select the cancelation Reason 'Bought wrong item'                     # tek.capstone.dragons.steps.RetailOrderSteps.userSelectTheCancelationReason(java.lang.String)
 INFO [main] (RetailOrderSteps.java:149)- User clicked on Cancel Order button successfully
  And User click on Cancel Order button                                          # tek.capstone.dragons.steps.RetailOrderSteps.userClickOnCancelOrderButton()
 INFO [main] (RetailOrderSteps.java:156)- A cancelation message Your Order Has Been Cancelled displayed successfully
  Then a cancelation message should be displayed 'Your Order Has Been Cancelled' # tek.capstone.dragons.steps.RetailOrderSteps.aCancelationMessageShouldBeDisplayed(java.lang.String)
]]></system-out>
    <system-err><![CDATA[Starting ChromeDriver 114.0.5735.90 (386bc09e8f4f2e025eddae123f36f6263096ae49-refs/branch-heads/5735@{#1052}) on port 16049
Only local connections are allowed.
Please see https://chromedriver.chromium.org/security-considerations for suggestions on keeping ChromeDriver safe.
ChromeDriver was started successfully.
Jul. 10, 2023 2:11:18 P.M. org.openqa.selenium.devtools.CdpVersionFinder findNearestMatch
WARNING: Unable to find an exact match for CDP version 114, so returning the closest version found: 111
]]></system-err>
  </testcase>
  <testcase name="Verify User can Return the order" classname="Retail Order Page" time="3.791">
    <system-out><![CDATA[
@Order @Regression
Scenario: Verify User can Return the order                                # features/RetailOrder.feature:65
 INFO [main] (HomeSteps.java:29)- Tekschool logo was displayed successfully
  Given User is on retail website                                         # tek.capstone.dragons.steps.HomeSteps.userIsOnRetailWebsite()
 INFO [main] (SignInSteps.java:21)- User clicked on signin button successfully
  When User click on Sign in option                                       # tek.capstone.dragons.steps.SignInSteps.userClickOnSignInOption()
 INFO [main] (SignInSteps.java:28)- User enterd email and password successfully
  And User enter email 'studentMori12@gmail.com' and password 'Tek@12345' # tek.capstone.dragons.steps.SignInSteps.userEnterEmailAndPassword(java.lang.String,java.lang.String)
 INFO [main] (SignInSteps.java:35)- user clicked on login button successfully
  And User click on login button                                          # tek.capstone.dragons.steps.SignInSteps.userClickOnLoginButton()
 INFO [main] (SignInSteps.java:44)-  user logged in successfully
  And User should be logged in into Account                               # tek.capstone.dragons.steps.SignInSteps.userShouldBeLoggedInIntoAccount()
 INFO [main] (RetailOrderSteps.java:21)- User changed the category Electronics successfully
  And User change the category to 'Electronics'                           # tek.capstone.dragons.steps.RetailOrderSteps.userChangeTheCategoryTo(java.lang.String)
 INFO [main] (RetailOrderSteps.java:29)- user entered Apex Legends to search bar successfully
  And User search for an item 'Apex Legends'                              # tek.capstone.dragons.steps.RetailOrderSteps.userSearchForAnItem(java.lang.String)
 INFO [main] (RetailOrderSteps.java:36)- User clicked on search icon successfully
  And User click on Search icon                                           # tek.capstone.dragons.steps.RetailOrderSteps.userClickOnSearchIcon()
  And User can click on item                                              # tek.capstone.dragons.steps.RetailOrderSteps.userCanClickOnItem()
 INFO [main] (RetailOrderSteps.java:49)- User select 5 seccessfully
  And User select quantity '5'                                            # tek.capstone.dragons.steps.RetailOrderSteps.userSelectQuantity(java.lang.String)
 INFO [main] (RetailOrderSteps.java:55)- User clicked add to card button successfully
  And User click add to Cart button                                       # tek.capstone.dragons.steps.RetailOrderSteps.userClickAddToCartButton()
 INFO [main] (RetailOrderSteps.java:62)- User change the quantity to 5 successfully
  Then the cart icon quantity should change to '5'                        # tek.capstone.dragons.steps.RetailOrderSteps.theCartIconQuantityShouldChangeTo(java.lang.String)
 INFO [main] (RetailOrderSteps.java:99)- User clicked on cart option successfully
  And User click on Cart option                                           # tek.capstone.dragons.steps.RetailOrderSteps.userClickOnCartOption()
 INFO [main] (RetailOrderSteps.java:105)- user clicked on Proceed to Checkout Button successfully
  And User click on Proceed to Checkout button                            # tek.capstone.dragons.steps.RetailOrderSteps.userClickOnProceedToCheckoutButton()
 INFO [main] (RetailOrderSteps.java:111)- User clicked on Place Your Order successfully
  And User click on Place Your Order                                      # tek.capstone.dragons.steps.RetailOrderSteps.userClickOnPlaceYourOrder()
 INFO [main] (RetailOrderSteps.java:118)- A message Order Placed, Thanks displayed successfully
  And a message should be displayed about 'Order Placed, Thanks'          # tek.capstone.dragons.steps.RetailOrderSteps.aMessageShouldBeDisplayedAbout(java.lang.String)
 INFO [main] (RetailOrderSteps.java:126)- User clicked on Orders section successfully
  And User click on Orders section                                        # tek.capstone.dragons.steps.RetailOrderSteps.userClickOnOrdersSection()
  And User click on first order in list                                   # tek.capstone.dragons.steps.RetailOrderSteps.userClickOnFirstOrderInList()
 INFO [main] (RetailOrderSteps.java:164)- User clicked on return item button successfully
  And User click on Return Items button                                   # tek.capstone.dragons.steps.RetailOrderSteps.userClickOnReturnItemsButton()
 INFO [main] (RetailOrderSteps.java:171)- User clicked on retrun reason Item damaged successfully
  And User select the Return Reason 'Item damaged'                        # tek.capstone.dragons.steps.RetailOrderSteps.userSelectTheReturnReason(java.lang.String)
 INFO [main] (RetailOrderSteps.java:178)- User select the drop off the service at FedEx successfully
  And User select the drop off service 'FedEx'                            # tek.capstone.dragons.steps.RetailOrderSteps.userSelectTheDropOffService(java.lang.String)
 INFO [main] (RetailOrderSteps.java:184)- User clicked on return order button successfully
  And User click on Return Order button                                   # tek.capstone.dragons.steps.RetailOrderSteps.userClickOnReturnOrderButton()
 INFO [main] (RetailOrderSteps.java:191)- A return message Return was successfull was displayed successfully
  Then a return message should be displayed 'Return was successfull'      # tek.capstone.dragons.steps.RetailOrderSteps.aReturnMessageShouldBeDisplayed(java.lang.String)
]]></system-out>
    <system-err><![CDATA[Starting ChromeDriver 114.0.5735.90 (386bc09e8f4f2e025eddae123f36f6263096ae49-refs/branch-heads/5735@{#1052}) on port 1096
Only local connections are allowed.
Please see https://chromedriver.chromium.org/security-considerations for suggestions on keeping ChromeDriver safe.
ChromeDriver was started successfully.
Jul. 10, 2023 2:11:22 P.M. org.openqa.selenium.devtools.CdpVersionFinder findNearestMatch
WARNING: Unable to find an exact match for CDP version 114, so returning the closest version found: 111
]]></system-err>
  </testcase>
  <testcase name="Verify User can write a review on order placed" classname="Retail Order Page" time="3.058">
    <system-out><![CDATA[
@Order @Regression
Scenario: Verify User can write a review on order placed                         # features/RetailOrder.feature:91
 INFO [main] (HomeSteps.java:29)- Tekschool logo was displayed successfully
  Given User is on retail website                                                # tek.capstone.dragons.steps.HomeSteps.userIsOnRetailWebsite()
 INFO [main] (SignInSteps.java:21)- User clicked on signin button successfully
  When User click on Sign in option                                              # tek.capstone.dragons.steps.SignInSteps.userClickOnSignInOption()
 INFO [main] (SignInSteps.java:28)- User enterd email and password successfully
  And User enter email 'studentMori1@gmail.com' and password 'Tek@12345'         # tek.capstone.dragons.steps.SignInSteps.userEnterEmailAndPassword(java.lang.String,java.lang.String)
 INFO [main] (SignInSteps.java:35)- user clicked on login button successfully
  And User click on login button                                                 # tek.capstone.dragons.steps.SignInSteps.userClickOnLoginButton()
 INFO [main] (SignInSteps.java:44)-  user logged in successfully
  And User should be logged in into Account                                      # tek.capstone.dragons.steps.SignInSteps.userShouldBeLoggedInIntoAccount()
 INFO [main] (RetailOrderSteps.java:126)- User clicked on Orders section successfully
  And User click on Orders section                                               # tek.capstone.dragons.steps.RetailOrderSteps.userClickOnOrdersSection()
  And User click on first order in list                                          # tek.capstone.dragons.steps.RetailOrderSteps.userClickOnFirstOrderInList()
 INFO [main] (RetailOrderSteps.java:199)- User clicked on review button successfully
  And User click on Review button                                                # tek.capstone.dragons.steps.RetailOrderSteps.userClickOnReviewButton()
 INFO [main] (RetailOrderSteps.java:205)- User wrote a headline headline value successfully
 INFO [main] (RetailOrderSteps.java:207)- User wrote a review review text successfully
  And User write Review headline 'headline value' and 'review text'              # tek.capstone.dragons.steps.RetailOrderSteps.userWriteReviewHeadlineAnd(java.lang.String,java.lang.String)
 INFO [main] (RetailOrderSteps.java:213)- User clicked on Add your review Button successfully
  And User click Add your Review button                                          # tek.capstone.dragons.steps.RetailOrderSteps.userClickAddYourReviewButton()
 INFO [main] (RetailOrderSteps.java:220)- a review message Your review was added successfully was displayed successfully
  Then a review message should be displayed 'Your review was added successfully' # tek.capstone.dragons.steps.RetailOrderSteps.aReviewMessageShouldBeDisplayed(java.lang.String)
]]></system-out>
    <system-err><![CDATA[Starting ChromeDriver 114.0.5735.90 (386bc09e8f4f2e025eddae123f36f6263096ae49-refs/branch-heads/5735@{#1052}) on port 43747
Only local connections are allowed.
Please see https://chromedriver.chromium.org/security-considerations for suggestions on keeping ChromeDriver safe.
ChromeDriver was started successfully.
Jul. 10, 2023 2:11:26 P.M. org.openqa.selenium.devtools.CdpVersionFinder findNearestMatch
WARNING: Unable to find an exact match for CDP version 114, so returning the closest version found: 111
]]></system-err>
  </testcase>
  <testcase name="Verify user can sign in into Retail Application" classname="Sign in Feature" time="1.953">
    <system-out><![CDATA[
@Signin @Regression
Scenario: Verify user can sign in into Retail Application                # features/Singin.feature:4
 INFO [main] (HomeSteps.java:29)- Tekschool logo was displayed successfully
  Given User is on retail website                                        # tek.capstone.dragons.steps.HomeSteps.userIsOnRetailWebsite()
 INFO [main] (SignInSteps.java:21)- User clicked on signin button successfully
  When User click on Sign in option                                      # tek.capstone.dragons.steps.SignInSteps.userClickOnSignInOption()
 INFO [main] (SignInSteps.java:28)- User enterd email and password successfully
  And User enter email 'studentMori1@gmail.com' and password 'Tek@12345' # tek.capstone.dragons.steps.SignInSteps.userEnterEmailAndPassword(java.lang.String,java.lang.String)
 INFO [main] (SignInSteps.java:35)- user clicked on login button successfully
  And User click on login button                                         # tek.capstone.dragons.steps.SignInSteps.userClickOnLoginButton()
 INFO [main] (SignInSteps.java:44)-  user logged in successfully
  Then User should be logged in into Account                             # tek.capstone.dragons.steps.SignInSteps.userShouldBeLoggedInIntoAccount()
]]></system-out>
    <system-err><![CDATA[Starting ChromeDriver 114.0.5735.90 (386bc09e8f4f2e025eddae123f36f6263096ae49-refs/branch-heads/5735@{#1052}) on port 43664
Only local connections are allowed.
Please see https://chromedriver.chromium.org/security-considerations for suggestions on keeping ChromeDriver safe.
ChromeDriver was started successfully.
Jul. 10, 2023 2:11:29 P.M. org.openqa.selenium.devtools.CdpVersionFinder findNearestMatch
WARNING: Unable to find an exact match for CDP version 114, so returning the closest version found: 111
]]></system-err>
  </testcase>
  <testcase name="Verify user can create an account into Retail Website" classname="Sign in Feature" time="2.169">
    <system-out><![CDATA[
@Signin @Regression
Scenario: Verify user can create an account into Retail Website # features/Singin.feature:12
 INFO [main] (HomeSteps.java:29)- Tekschool logo was displayed successfully
  Given User is on retail website                               # tek.capstone.dragons.steps.HomeSteps.userIsOnRetailWebsite()
 INFO [main] (SignInSteps.java:21)- User clicked on signin button successfully
  When User click on Sign in option                             # tek.capstone.dragons.steps.SignInSteps.userClickOnSignInOption()
 INFO [main] (SignInSteps.java:50)- User clicked on create new account button successfully
  And User click on Create New Account button                   # tek.capstone.dragons.steps.SignInSteps.userClickOnCreateNewAccountButton()
 INFO [main] (SignInSteps.java:64)- User filled signUp information successfully
  And User fill the signUp information with below data          # tek.capstone.dragons.steps.SignInSteps.userFillTheSignUpInformationWithBelowData(io.cucumber.datatable.DataTable)
    | name        | email                       | password  | confirmPassword |
    | studentMori | studentMori126568@gmail.com | Tek@12345 | Tek@12345       |
 INFO [main] (SignInSteps.java:71)- User clicked on SignUp button successfully
  And User click on SignUp button                               # tek.capstone.dragons.steps.SignInSteps.userClickOnSignUpButton()
 INFO [main] (SignInSteps.java:80)-  user logged in successfully
  Then User should be logged into account page                  # tek.capstone.dragons.steps.SignInSteps.userShouldBeLoggedIntoAccountPage()
]]></system-out>
    <system-err><![CDATA[Starting ChromeDriver 114.0.5735.90 (386bc09e8f4f2e025eddae123f36f6263096ae49-refs/branch-heads/5735@{#1052}) on port 7025
Only local connections are allowed.
Please see https://chromedriver.chromium.org/security-considerations for suggestions on keeping ChromeDriver safe.
ChromeDriver was started successfully.
Jul. 10, 2023 2:11:31 P.M. org.openqa.selenium.devtools.CdpVersionFinder findNearestMatch
WARNING: Unable to find an exact match for CDP version 114, so returning the closest version found: 111
]]></system-err>
  </testcase>
</testsuite>